{"__type":"$$EventMessageAudit","id":"83c7f71b-6804-4d6f-907f-096beaff97a6","ts":"2025-08-02T22:19:49.975-04:00","eventName":"n8n.audit.workflow.updated","message":"n8n.audit.workflow.updated","payload":{"userId":"83844983-56af-4dc3-80ae-6e2a59baf9e6","_email":"admin@example.com","_firstName":"admin","_lastName":"ad","globalRole":"global:owner","workflowId":"Pw18QNhAgksKmbFC","workflowName":"My workflow"}}
{"__type":"$$EventMessageConfirm","confirm":"83c7f71b-6804-4d6f-907f-096beaff97a6","ts":"2025-08-02T22:19:49.976-04:00","source":{"id":"0","name":"eventBus"}}
{"__type":"$$EventMessageWorkflow","id":"2cbfcfe0-8407-4997-a883-f128a2bbd79c","ts":"2025-08-02T22:19:57.061-04:00","eventName":"n8n.workflow.started","message":"n8n.workflow.started","payload":{"executionId":"67","workflowId":"Pw18QNhAgksKmbFC","isManual":false,"workflowName":"My workflow"}}
{"__type":"$$EventMessageConfirm","confirm":"2cbfcfe0-8407-4997-a883-f128a2bbd79c","ts":"2025-08-02T22:19:57.061-04:00","source":{"id":"0","name":"eventBus"}}
{"__type":"$$EventMessageNode","id":"d650cafa-6376-4e8f-9599-bce4dbab27dc","ts":"2025-08-02T22:19:57.062-04:00","eventName":"n8n.node.started","message":"n8n.node.started","payload":{"workflowId":"Pw18QNhAgksKmbFC","workflowName":"My workflow","executionId":"67","nodeType":"n8n-nodes-base.webhook","nodeName":"Webhook","nodeId":"5ca89ad7-d280-4478-9d5b-7ae3dd531d31"}}
{"__type":"$$EventMessageConfirm","confirm":"d650cafa-6376-4e8f-9599-bce4dbab27dc","ts":"2025-08-02T22:19:57.062-04:00","source":{"id":"0","name":"eventBus"}}
{"__type":"$$EventMessageNode","id":"f7940980-5ec6-43cd-ba99-3407d5afbf57","ts":"2025-08-02T22:19:57.064-04:00","eventName":"n8n.node.finished","message":"n8n.node.finished","payload":{"workflowId":"Pw18QNhAgksKmbFC","workflowName":"My workflow","executionId":"67","nodeType":"n8n-nodes-base.webhook","nodeName":"Webhook","nodeId":"5ca89ad7-d280-4478-9d5b-7ae3dd531d31"}}
{"__type":"$$EventMessageConfirm","confirm":"f7940980-5ec6-43cd-ba99-3407d5afbf57","ts":"2025-08-02T22:19:57.064-04:00","source":{"id":"0","name":"eventBus"}}
{"__type":"$$EventMessageNode","id":"5b8db4a7-9e1c-4bf9-9290-8eb928ae2a1c","ts":"2025-08-02T22:19:57.064-04:00","eventName":"n8n.node.started","message":"n8n.node.started","payload":{"workflowId":"Pw18QNhAgksKmbFC","workflowName":"My workflow","executionId":"67","nodeType":"n8n-nodes-base.switch","nodeName":"Switch","nodeId":"f982a080-9c97-42b4-b356-14bc7b4914d6"}}
{"__type":"$$EventMessageConfirm","confirm":"5b8db4a7-9e1c-4bf9-9290-8eb928ae2a1c","ts":"2025-08-02T22:19:57.064-04:00","source":{"id":"0","name":"eventBus"}}
{"__type":"$$EventMessageNode","id":"d0a404cc-e1cd-4451-a3b5-a0d9e9a5dcf0","ts":"2025-08-02T22:19:57.102-04:00","eventName":"n8n.node.finished","message":"n8n.node.finished","payload":{"workflowId":"Pw18QNhAgksKmbFC","workflowName":"My workflow","executionId":"67","nodeType":"n8n-nodes-base.switch","nodeName":"Switch","nodeId":"f982a080-9c97-42b4-b356-14bc7b4914d6"}}
{"__type":"$$EventMessageConfirm","confirm":"d0a404cc-e1cd-4451-a3b5-a0d9e9a5dcf0","ts":"2025-08-02T22:19:57.102-04:00","source":{"id":"0","name":"eventBus"}}
{"__type":"$$EventMessageNode","id":"165e863e-fec3-40eb-84da-547dfbbbcb05","ts":"2025-08-02T22:19:57.102-04:00","eventName":"n8n.node.started","message":"n8n.node.started","payload":{"workflowId":"Pw18QNhAgksKmbFC","workflowName":"My workflow","executionId":"67","nodeType":"n8n-nodes-base.mautic","nodeName":"Get many contacts","nodeId":"19a05cf2-c4b1-4f90-990e-9c7d4541c92b"}}
{"__type":"$$EventMessageConfirm","confirm":"165e863e-fec3-40eb-84da-547dfbbbcb05","ts":"2025-08-02T22:19:57.102-04:00","source":{"id":"0","name":"eventBus"}}
{"__type":"$$EventMessageWorkflow","id":"cbd5385d-15e1-4fa5-95fd-74151725b898","ts":"2025-08-02T22:19:57.136-04:00","eventName":"n8n.workflow.started","message":"n8n.workflow.started","payload":{"executionId":"68","workflowId":"Pw18QNhAgksKmbFC","isManual":false,"workflowName":"My workflow"}}
{"__type":"$$EventMessageConfirm","confirm":"cbd5385d-15e1-4fa5-95fd-74151725b898","ts":"2025-08-02T22:19:57.136-04:00","source":{"id":"0","name":"eventBus"}}
{"__type":"$$EventMessageNode","id":"169a40f9-dc73-4e45-8a3f-d5866c1036dc","ts":"2025-08-02T22:19:57.136-04:00","eventName":"n8n.node.started","message":"n8n.node.started","payload":{"workflowId":"Pw18QNhAgksKmbFC","workflowName":"My workflow","executionId":"68","nodeType":"n8n-nodes-base.webhook","nodeName":"Webhook","nodeId":"5ca89ad7-d280-4478-9d5b-7ae3dd531d31"}}
{"__type":"$$EventMessageConfirm","confirm":"169a40f9-dc73-4e45-8a3f-d5866c1036dc","ts":"2025-08-02T22:19:57.136-04:00","source":{"id":"0","name":"eventBus"}}
{"__type":"$$EventMessageNode","id":"e7777de9-8516-4160-9b45-104d7b716ac7","ts":"2025-08-02T22:19:57.137-04:00","eventName":"n8n.node.finished","message":"n8n.node.finished","payload":{"workflowId":"Pw18QNhAgksKmbFC","workflowName":"My workflow","executionId":"68","nodeType":"n8n-nodes-base.webhook","nodeName":"Webhook","nodeId":"5ca89ad7-d280-4478-9d5b-7ae3dd531d31"}}
{"__type":"$$EventMessageConfirm","confirm":"e7777de9-8516-4160-9b45-104d7b716ac7","ts":"2025-08-02T22:19:57.137-04:00","source":{"id":"0","name":"eventBus"}}
{"__type":"$$EventMessageNode","id":"23fcf777-c0b9-4706-9af0-0dad97dae6e8","ts":"2025-08-02T22:19:57.137-04:00","eventName":"n8n.node.started","message":"n8n.node.started","payload":{"workflowId":"Pw18QNhAgksKmbFC","workflowName":"My workflow","executionId":"68","nodeType":"n8n-nodes-base.switch","nodeName":"Switch","nodeId":"f982a080-9c97-42b4-b356-14bc7b4914d6"}}
{"__type":"$$EventMessageConfirm","confirm":"23fcf777-c0b9-4706-9af0-0dad97dae6e8","ts":"2025-08-02T22:19:57.137-04:00","source":{"id":"0","name":"eventBus"}}
{"__type":"$$EventMessageNode","id":"ec3c2c3e-ccd1-45ba-a355-6acbd099c72d","ts":"2025-08-02T22:19:57.140-04:00","eventName":"n8n.node.finished","message":"n8n.node.finished","payload":{"workflowId":"Pw18QNhAgksKmbFC","workflowName":"My workflow","executionId":"68","nodeType":"n8n-nodes-base.switch","nodeName":"Switch","nodeId":"f982a080-9c97-42b4-b356-14bc7b4914d6"}}
{"__type":"$$EventMessageConfirm","confirm":"ec3c2c3e-ccd1-45ba-a355-6acbd099c72d","ts":"2025-08-02T22:19:57.141-04:00","source":{"id":"0","name":"eventBus"}}
{"__type":"$$EventMessageNode","id":"3096c3a1-a371-43d1-9e75-cc41a532e543","ts":"2025-08-02T22:19:57.141-04:00","eventName":"n8n.node.started","message":"n8n.node.started","payload":{"workflowId":"Pw18QNhAgksKmbFC","workflowName":"My workflow","executionId":"68","nodeType":"n8n-nodes-base.mautic","nodeName":"Get many contacts","nodeId":"19a05cf2-c4b1-4f90-990e-9c7d4541c92b"}}
{"__type":"$$EventMessageConfirm","confirm":"3096c3a1-a371-43d1-9e75-cc41a532e543","ts":"2025-08-02T22:19:57.141-04:00","source":{"id":"0","name":"eventBus"}}
{"__type":"$$EventMessageNode","id":"6e87ab8f-021e-43fb-962a-afa5f6bbefcc","ts":"2025-08-02T22:19:57.731-04:00","eventName":"n8n.node.finished","message":"n8n.node.finished","payload":{"workflowId":"Pw18QNhAgksKmbFC","workflowName":"My workflow","executionId":"68","nodeType":"n8n-nodes-base.mautic","nodeName":"Get many contacts","nodeId":"19a05cf2-c4b1-4f90-990e-9c7d4541c92b"}}
{"__type":"$$EventMessageConfirm","confirm":"6e87ab8f-021e-43fb-962a-afa5f6bbefcc","ts":"2025-08-02T22:19:57.731-04:00","source":{"id":"0","name":"eventBus"}}
{"__type":"$$EventMessageNode","id":"67bc3684-1451-4ec4-a4ce-951ef110f561","ts":"2025-08-02T22:19:57.732-04:00","eventName":"n8n.node.started","message":"n8n.node.started","payload":{"workflowId":"Pw18QNhAgksKmbFC","workflowName":"My workflow","executionId":"68","nodeType":"n8n-nodes-base.respondToWebhook","nodeName":"Respond to Webhook","nodeId":"19bae5c4-adc5-407e-bdca-cdaf16a81ecf"}}
{"__type":"$$EventMessageConfirm","confirm":"67bc3684-1451-4ec4-a4ce-951ef110f561","ts":"2025-08-02T22:19:57.732-04:00","source":{"id":"0","name":"eventBus"}}
{"__type":"$$EventMessageNode","id":"90e73b8c-04d3-4258-b825-2e2582fc5c76","ts":"2025-08-02T22:19:57.734-04:00","eventName":"n8n.node.finished","message":"n8n.node.finished","payload":{"workflowId":"Pw18QNhAgksKmbFC","workflowName":"My workflow","executionId":"68","nodeType":"n8n-nodes-base.respondToWebhook","nodeName":"Respond to Webhook","nodeId":"19bae5c4-adc5-407e-bdca-cdaf16a81ecf"}}
{"__type":"$$EventMessageConfirm","confirm":"90e73b8c-04d3-4258-b825-2e2582fc5c76","ts":"2025-08-02T22:19:57.734-04:00","source":{"id":"0","name":"eventBus"}}
{"__type":"$$EventMessageWorkflow","id":"69cb3ac9-822c-4399-9161-33d613d824d9","ts":"2025-08-02T22:19:57.736-04:00","eventName":"n8n.workflow.success","message":"n8n.workflow.success","payload":{"executionId":"68","success":true,"isManual":false,"workflowId":"Pw18QNhAgksKmbFC","workflowName":"My workflow"}}
{"__type":"$$EventMessageConfirm","confirm":"69cb3ac9-822c-4399-9161-33d613d824d9","ts":"2025-08-02T22:19:57.736-04:00","source":{"id":"0","name":"eventBus"}}
{"__type":"$$EventMessageNode","id":"648a8b14-1332-46c1-9ac0-36bf4ae63ffb","ts":"2025-08-02T22:19:57.740-04:00","eventName":"n8n.node.finished","message":"n8n.node.finished","payload":{"workflowId":"Pw18QNhAgksKmbFC","workflowName":"My workflow","executionId":"67","nodeType":"n8n-nodes-base.mautic","nodeName":"Get many contacts","nodeId":"19a05cf2-c4b1-4f90-990e-9c7d4541c92b"}}
{"__type":"$$EventMessageConfirm","confirm":"648a8b14-1332-46c1-9ac0-36bf4ae63ffb","ts":"2025-08-02T22:19:57.740-04:00","source":{"id":"0","name":"eventBus"}}
{"__type":"$$EventMessageNode","id":"5c1b19bb-2959-489e-8c6a-1aac3c3af370","ts":"2025-08-02T22:19:57.740-04:00","eventName":"n8n.node.started","message":"n8n.node.started","payload":{"workflowId":"Pw18QNhAgksKmbFC","workflowName":"My workflow","executionId":"67","nodeType":"n8n-nodes-base.respondToWebhook","nodeName":"Respond to Webhook","nodeId":"19bae5c4-adc5-407e-bdca-cdaf16a81ecf"}}
{"__type":"$$EventMessageConfirm","confirm":"5c1b19bb-2959-489e-8c6a-1aac3c3af370","ts":"2025-08-02T22:19:57.740-04:00","source":{"id":"0","name":"eventBus"}}
{"__type":"$$EventMessageNode","id":"fd747625-a49e-4904-a752-61e6842f5d13","ts":"2025-08-02T22:19:57.741-04:00","eventName":"n8n.node.finished","message":"n8n.node.finished","payload":{"workflowId":"Pw18QNhAgksKmbFC","workflowName":"My workflow","executionId":"67","nodeType":"n8n-nodes-base.respondToWebhook","nodeName":"Respond to Webhook","nodeId":"19bae5c4-adc5-407e-bdca-cdaf16a81ecf"}}
{"__type":"$$EventMessageConfirm","confirm":"fd747625-a49e-4904-a752-61e6842f5d13","ts":"2025-08-02T22:19:57.742-04:00","source":{"id":"0","name":"eventBus"}}
{"__type":"$$EventMessageWorkflow","id":"b274fc3f-6184-4e5a-ac5e-50f2047ad603","ts":"2025-08-02T22:19:57.743-04:00","eventName":"n8n.workflow.success","message":"n8n.workflow.success","payload":{"executionId":"67","success":true,"isManual":false,"workflowId":"Pw18QNhAgksKmbFC","workflowName":"My workflow"}}
{"__type":"$$EventMessageConfirm","confirm":"b274fc3f-6184-4e5a-ac5e-50f2047ad603","ts":"2025-08-02T22:19:57.743-04:00","source":{"id":"0","name":"eventBus"}}
