{"__type":"$$EventMessageWorkflow","id":"661da332-4c2e-482c-9451-03ed95e14695","ts":"2025-08-04T01:19:27.240-04:00","eventName":"n8n.workflow.started","message":"n8n.workflow.started","payload":{"executionId":"69","workflowId":"Pw18QNhAgksKmbFC","isManual":false,"workflowName":"My workflow"}}
{"__type":"$$EventMessageConfirm","confirm":"661da332-4c2e-482c-9451-03ed95e14695","ts":"2025-08-04T01:19:27.242-04:00","source":{"id":"0","name":"eventBus"}}
{"__type":"$$EventMessageNode","id":"109b9e3d-bc9d-424e-bcf4-2dd6f29017f7","ts":"2025-08-04T01:19:27.244-04:00","eventName":"n8n.node.started","message":"n8n.node.started","payload":{"workflowId":"Pw18QNhAgksKmbFC","workflowName":"My workflow","executionId":"69","nodeType":"n8n-nodes-base.webhook","nodeName":"Webhook","nodeId":"5ca89ad7-d280-4478-9d5b-7ae3dd531d31"}}
{"__type":"$$EventMessageConfirm","confirm":"109b9e3d-bc9d-424e-bcf4-2dd6f29017f7","ts":"2025-08-04T01:19:27.245-04:00","source":{"id":"0","name":"eventBus"}}
{"__type":"$$EventMessageNode","id":"701b395d-f7c1-4311-bead-68eade57fab4","ts":"2025-08-04T01:19:27.247-04:00","eventName":"n8n.node.finished","message":"n8n.node.finished","payload":{"workflowId":"Pw18QNhAgksKmbFC","workflowName":"My workflow","executionId":"69","nodeType":"n8n-nodes-base.webhook","nodeName":"Webhook","nodeId":"5ca89ad7-d280-4478-9d5b-7ae3dd531d31"}}
{"__type":"$$EventMessageConfirm","confirm":"701b395d-f7c1-4311-bead-68eade57fab4","ts":"2025-08-04T01:19:27.247-04:00","source":{"id":"0","name":"eventBus"}}
{"__type":"$$EventMessageNode","id":"7dd73295-4520-44a4-82cb-0ecf3bbfdf45","ts":"2025-08-04T01:19:27.247-04:00","eventName":"n8n.node.started","message":"n8n.node.started","payload":{"workflowId":"Pw18QNhAgksKmbFC","workflowName":"My workflow","executionId":"69","nodeType":"n8n-nodes-base.switch","nodeName":"Switch","nodeId":"f982a080-9c97-42b4-b356-14bc7b4914d6"}}
{"__type":"$$EventMessageConfirm","confirm":"7dd73295-4520-44a4-82cb-0ecf3bbfdf45","ts":"2025-08-04T01:19:27.248-04:00","source":{"id":"0","name":"eventBus"}}
{"__type":"$$EventMessageNode","id":"d4e4b64d-3b72-4eaf-a0ef-999181a75c6b","ts":"2025-08-04T01:19:27.296-04:00","eventName":"n8n.node.finished","message":"n8n.node.finished","payload":{"workflowId":"Pw18QNhAgksKmbFC","workflowName":"My workflow","executionId":"69","nodeType":"n8n-nodes-base.switch","nodeName":"Switch","nodeId":"f982a080-9c97-42b4-b356-14bc7b4914d6"}}
{"__type":"$$EventMessageConfirm","confirm":"d4e4b64d-3b72-4eaf-a0ef-999181a75c6b","ts":"2025-08-04T01:19:27.297-04:00","source":{"id":"0","name":"eventBus"}}
{"__type":"$$EventMessageNode","id":"5c671e63-1130-4e8d-8f9b-a52d03e0476d","ts":"2025-08-04T01:19:27.297-04:00","eventName":"n8n.node.started","message":"n8n.node.started","payload":{"workflowId":"Pw18QNhAgksKmbFC","workflowName":"My workflow","executionId":"69","nodeType":"n8n-nodes-base.mautic","nodeName":"Get many contacts","nodeId":"19a05cf2-c4b1-4f90-990e-9c7d4541c92b"}}
{"__type":"$$EventMessageConfirm","confirm":"5c671e63-1130-4e8d-8f9b-a52d03e0476d","ts":"2025-08-04T01:19:27.297-04:00","source":{"id":"0","name":"eventBus"}}
{"__type":"$$EventMessageWorkflow","id":"57812a31-2496-46ba-9cef-e5536b504d66","ts":"2025-08-04T01:19:27.304-04:00","eventName":"n8n.workflow.started","message":"n8n.workflow.started","payload":{"executionId":"70","workflowId":"Pw18QNhAgksKmbFC","isManual":false,"workflowName":"My workflow"}}
{"__type":"$$EventMessageConfirm","confirm":"57812a31-2496-46ba-9cef-e5536b504d66","ts":"2025-08-04T01:19:27.304-04:00","source":{"id":"0","name":"eventBus"}}
{"__type":"$$EventMessageNode","id":"ce6e0abd-e03b-497d-b8a5-b2233c5f18a8","ts":"2025-08-04T01:19:27.304-04:00","eventName":"n8n.node.started","message":"n8n.node.started","payload":{"workflowId":"Pw18QNhAgksKmbFC","workflowName":"My workflow","executionId":"70","nodeType":"n8n-nodes-base.webhook","nodeName":"Webhook","nodeId":"5ca89ad7-d280-4478-9d5b-7ae3dd531d31"}}
{"__type":"$$EventMessageConfirm","confirm":"ce6e0abd-e03b-497d-b8a5-b2233c5f18a8","ts":"2025-08-04T01:19:27.304-04:00","source":{"id":"0","name":"eventBus"}}
{"__type":"$$EventMessageNode","id":"180337ec-1375-438d-89d4-50f41c053e31","ts":"2025-08-04T01:19:27.304-04:00","eventName":"n8n.node.finished","message":"n8n.node.finished","payload":{"workflowId":"Pw18QNhAgksKmbFC","workflowName":"My workflow","executionId":"70","nodeType":"n8n-nodes-base.webhook","nodeName":"Webhook","nodeId":"5ca89ad7-d280-4478-9d5b-7ae3dd531d31"}}
{"__type":"$$EventMessageConfirm","confirm":"180337ec-1375-438d-89d4-50f41c053e31","ts":"2025-08-04T01:19:27.304-04:00","source":{"id":"0","name":"eventBus"}}
{"__type":"$$EventMessageNode","id":"e60c6141-2f6d-4463-a1a7-f6f5501367c8","ts":"2025-08-04T01:19:27.305-04:00","eventName":"n8n.node.started","message":"n8n.node.started","payload":{"workflowId":"Pw18QNhAgksKmbFC","workflowName":"My workflow","executionId":"70","nodeType":"n8n-nodes-base.switch","nodeName":"Switch","nodeId":"f982a080-9c97-42b4-b356-14bc7b4914d6"}}
{"__type":"$$EventMessageConfirm","confirm":"e60c6141-2f6d-4463-a1a7-f6f5501367c8","ts":"2025-08-04T01:19:27.305-04:00","source":{"id":"0","name":"eventBus"}}
{"__type":"$$EventMessageNode","id":"140b33a6-3bf3-4294-b6bd-7acfd1c2e2a1","ts":"2025-08-04T01:19:27.308-04:00","eventName":"n8n.node.finished","message":"n8n.node.finished","payload":{"workflowId":"Pw18QNhAgksKmbFC","workflowName":"My workflow","executionId":"70","nodeType":"n8n-nodes-base.switch","nodeName":"Switch","nodeId":"f982a080-9c97-42b4-b356-14bc7b4914d6"}}
{"__type":"$$EventMessageConfirm","confirm":"140b33a6-3bf3-4294-b6bd-7acfd1c2e2a1","ts":"2025-08-04T01:19:27.308-04:00","source":{"id":"0","name":"eventBus"}}
{"__type":"$$EventMessageNode","id":"5d3ec6c1-591c-4baf-871a-96bcc3e077df","ts":"2025-08-04T01:19:27.308-04:00","eventName":"n8n.node.started","message":"n8n.node.started","payload":{"workflowId":"Pw18QNhAgksKmbFC","workflowName":"My workflow","executionId":"70","nodeType":"n8n-nodes-base.mautic","nodeName":"Get many contacts","nodeId":"19a05cf2-c4b1-4f90-990e-9c7d4541c92b"}}
{"__type":"$$EventMessageConfirm","confirm":"5d3ec6c1-591c-4baf-871a-96bcc3e077df","ts":"2025-08-04T01:19:27.309-04:00","source":{"id":"0","name":"eventBus"}}
{"__type":"$$EventMessageNode","id":"d4a6a340-af87-4b1d-90e7-ac759b9e0861","ts":"2025-08-04T01:19:28.656-04:00","eventName":"n8n.node.finished","message":"n8n.node.finished","payload":{"workflowId":"Pw18QNhAgksKmbFC","workflowName":"My workflow","executionId":"70","nodeType":"n8n-nodes-base.mautic","nodeName":"Get many contacts","nodeId":"19a05cf2-c4b1-4f90-990e-9c7d4541c92b"}}
{"__type":"$$EventMessageConfirm","confirm":"d4a6a340-af87-4b1d-90e7-ac759b9e0861","ts":"2025-08-04T01:19:28.656-04:00","source":{"id":"0","name":"eventBus"}}
{"__type":"$$EventMessageNode","id":"f82bec38-4458-4805-8d70-c379034bc8ea","ts":"2025-08-04T01:19:28.656-04:00","eventName":"n8n.node.started","message":"n8n.node.started","payload":{"workflowId":"Pw18QNhAgksKmbFC","workflowName":"My workflow","executionId":"70","nodeType":"n8n-nodes-base.respondToWebhook","nodeName":"Respond to Webhook","nodeId":"19bae5c4-adc5-407e-bdca-cdaf16a81ecf"}}
{"__type":"$$EventMessageConfirm","confirm":"f82bec38-4458-4805-8d70-c379034bc8ea","ts":"2025-08-04T01:19:28.656-04:00","source":{"id":"0","name":"eventBus"}}
{"__type":"$$EventMessageNode","id":"26e74373-7a2e-4cae-8ef5-14fe215bc532","ts":"2025-08-04T01:19:28.658-04:00","eventName":"n8n.node.finished","message":"n8n.node.finished","payload":{"workflowId":"Pw18QNhAgksKmbFC","workflowName":"My workflow","executionId":"70","nodeType":"n8n-nodes-base.respondToWebhook","nodeName":"Respond to Webhook","nodeId":"19bae5c4-adc5-407e-bdca-cdaf16a81ecf"}}
{"__type":"$$EventMessageConfirm","confirm":"26e74373-7a2e-4cae-8ef5-14fe215bc532","ts":"2025-08-04T01:19:28.659-04:00","source":{"id":"0","name":"eventBus"}}
{"__type":"$$EventMessageWorkflow","id":"38e30c37-3efd-4788-b009-36c83e44bd60","ts":"2025-08-04T01:19:28.664-04:00","eventName":"n8n.workflow.success","message":"n8n.workflow.success","payload":{"executionId":"70","success":true,"isManual":false,"workflowId":"Pw18QNhAgksKmbFC","workflowName":"My workflow"}}
{"__type":"$$EventMessageConfirm","confirm":"38e30c37-3efd-4788-b009-36c83e44bd60","ts":"2025-08-04T01:19:28.665-04:00","source":{"id":"0","name":"eventBus"}}
{"__type":"$$EventMessageNode","id":"a04f2fad-10f6-40be-ab00-cbfa5542a577","ts":"2025-08-04T01:19:28.670-04:00","eventName":"n8n.node.finished","message":"n8n.node.finished","payload":{"workflowId":"Pw18QNhAgksKmbFC","workflowName":"My workflow","executionId":"69","nodeType":"n8n-nodes-base.mautic","nodeName":"Get many contacts","nodeId":"19a05cf2-c4b1-4f90-990e-9c7d4541c92b"}}
{"__type":"$$EventMessageConfirm","confirm":"a04f2fad-10f6-40be-ab00-cbfa5542a577","ts":"2025-08-04T01:19:28.670-04:00","source":{"id":"0","name":"eventBus"}}
{"__type":"$$EventMessageNode","id":"b4985c77-8de9-4413-88bc-d02633a04f59","ts":"2025-08-04T01:19:28.671-04:00","eventName":"n8n.node.started","message":"n8n.node.started","payload":{"workflowId":"Pw18QNhAgksKmbFC","workflowName":"My workflow","executionId":"69","nodeType":"n8n-nodes-base.respondToWebhook","nodeName":"Respond to Webhook","nodeId":"19bae5c4-adc5-407e-bdca-cdaf16a81ecf"}}
{"__type":"$$EventMessageConfirm","confirm":"b4985c77-8de9-4413-88bc-d02633a04f59","ts":"2025-08-04T01:19:28.671-04:00","source":{"id":"0","name":"eventBus"}}
{"__type":"$$EventMessageNode","id":"7f7ab199-1e3e-4424-aa40-247e11da7788","ts":"2025-08-04T01:19:28.672-04:00","eventName":"n8n.node.finished","message":"n8n.node.finished","payload":{"workflowId":"Pw18QNhAgksKmbFC","workflowName":"My workflow","executionId":"69","nodeType":"n8n-nodes-base.respondToWebhook","nodeName":"Respond to Webhook","nodeId":"19bae5c4-adc5-407e-bdca-cdaf16a81ecf"}}
{"__type":"$$EventMessageConfirm","confirm":"7f7ab199-1e3e-4424-aa40-247e11da7788","ts":"2025-08-04T01:19:28.672-04:00","source":{"id":"0","name":"eventBus"}}
{"__type":"$$EventMessageWorkflow","id":"694522ec-103e-4390-9aa0-87867c438e17","ts":"2025-08-04T01:19:28.673-04:00","eventName":"n8n.workflow.success","message":"n8n.workflow.success","payload":{"executionId":"69","success":true,"isManual":false,"workflowId":"Pw18QNhAgksKmbFC","workflowName":"My workflow"}}
{"__type":"$$EventMessageConfirm","confirm":"694522ec-103e-4390-9aa0-87867c438e17","ts":"2025-08-04T01:19:28.673-04:00","source":{"id":"0","name":"eventBus"}}
{"__type":"$$EventMessageWorkflow","id":"8fba4006-5faa-4e69-b7d6-a44b385c5bfa","ts":"2025-08-04T01:19:33.045-04:00","eventName":"n8n.workflow.started","message":"n8n.workflow.started","payload":{"executionId":"71","workflowId":"Pw18QNhAgksKmbFC","isManual":false,"workflowName":"My workflow"}}
{"__type":"$$EventMessageConfirm","confirm":"8fba4006-5faa-4e69-b7d6-a44b385c5bfa","ts":"2025-08-04T01:19:33.046-04:00","source":{"id":"0","name":"eventBus"}}
{"__type":"$$EventMessageNode","id":"504e607e-979d-4221-8ad5-167c561158df","ts":"2025-08-04T01:19:33.046-04:00","eventName":"n8n.node.started","message":"n8n.node.started","payload":{"workflowId":"Pw18QNhAgksKmbFC","workflowName":"My workflow","executionId":"71","nodeType":"n8n-nodes-base.webhook","nodeName":"Webhook","nodeId":"5ca89ad7-d280-4478-9d5b-7ae3dd531d31"}}
{"__type":"$$EventMessageConfirm","confirm":"504e607e-979d-4221-8ad5-167c561158df","ts":"2025-08-04T01:19:33.046-04:00","source":{"id":"0","name":"eventBus"}}
{"__type":"$$EventMessageNode","id":"3134affe-6e8e-4bcc-8b18-994f87974dc4","ts":"2025-08-04T01:19:33.047-04:00","eventName":"n8n.node.finished","message":"n8n.node.finished","payload":{"workflowId":"Pw18QNhAgksKmbFC","workflowName":"My workflow","executionId":"71","nodeType":"n8n-nodes-base.webhook","nodeName":"Webhook","nodeId":"5ca89ad7-d280-4478-9d5b-7ae3dd531d31"}}
{"__type":"$$EventMessageConfirm","confirm":"3134affe-6e8e-4bcc-8b18-994f87974dc4","ts":"2025-08-04T01:19:33.048-04:00","source":{"id":"0","name":"eventBus"}}
{"__type":"$$EventMessageNode","id":"e65c92f6-5d1d-44ca-8bc2-fe4c3e352a2f","ts":"2025-08-04T01:19:33.050-04:00","eventName":"n8n.node.started","message":"n8n.node.started","payload":{"workflowId":"Pw18QNhAgksKmbFC","workflowName":"My workflow","executionId":"71","nodeType":"n8n-nodes-base.switch","nodeName":"Switch","nodeId":"f982a080-9c97-42b4-b356-14bc7b4914d6"}}
{"__type":"$$EventMessageConfirm","confirm":"e65c92f6-5d1d-44ca-8bc2-fe4c3e352a2f","ts":"2025-08-04T01:19:33.050-04:00","source":{"id":"0","name":"eventBus"}}
{"__type":"$$EventMessageNode","id":"fa1b21c7-b3ff-4c5f-92f5-0ee0ca632a12","ts":"2025-08-04T01:19:33.063-04:00","eventName":"n8n.node.finished","message":"n8n.node.finished","payload":{"workflowId":"Pw18QNhAgksKmbFC","workflowName":"My workflow","executionId":"71","nodeType":"n8n-nodes-base.switch","nodeName":"Switch","nodeId":"f982a080-9c97-42b4-b356-14bc7b4914d6"}}
{"__type":"$$EventMessageConfirm","confirm":"fa1b21c7-b3ff-4c5f-92f5-0ee0ca632a12","ts":"2025-08-04T01:19:33.064-04:00","source":{"id":"0","name":"eventBus"}}
{"__type":"$$EventMessageNode","id":"4b92b110-a684-420f-a48a-b634a0fa3117","ts":"2025-08-04T01:19:33.064-04:00","eventName":"n8n.node.started","message":"n8n.node.started","payload":{"workflowId":"Pw18QNhAgksKmbFC","workflowName":"My workflow","executionId":"71","nodeType":"n8n-nodes-base.mautic","nodeName":"Get many contacts","nodeId":"19a05cf2-c4b1-4f90-990e-9c7d4541c92b"}}
{"__type":"$$EventMessageConfirm","confirm":"4b92b110-a684-420f-a48a-b634a0fa3117","ts":"2025-08-04T01:19:33.064-04:00","source":{"id":"0","name":"eventBus"}}
{"__type":"$$EventMessageWorkflow","id":"2f787aa4-fb00-4deb-b59d-15bb2dba00db","ts":"2025-08-04T01:19:33.067-04:00","eventName":"n8n.workflow.started","message":"n8n.workflow.started","payload":{"executionId":"72","workflowId":"Pw18QNhAgksKmbFC","isManual":false,"workflowName":"My workflow"}}
{"__type":"$$EventMessageConfirm","confirm":"2f787aa4-fb00-4deb-b59d-15bb2dba00db","ts":"2025-08-04T01:19:33.068-04:00","source":{"id":"0","name":"eventBus"}}
{"__type":"$$EventMessageNode","id":"b0f20f99-efd3-487d-9ee4-06d86d07a6f4","ts":"2025-08-04T01:19:33.069-04:00","eventName":"n8n.node.started","message":"n8n.node.started","payload":{"workflowId":"Pw18QNhAgksKmbFC","workflowName":"My workflow","executionId":"72","nodeType":"n8n-nodes-base.webhook","nodeName":"Webhook","nodeId":"5ca89ad7-d280-4478-9d5b-7ae3dd531d31"}}
{"__type":"$$EventMessageConfirm","confirm":"b0f20f99-efd3-487d-9ee4-06d86d07a6f4","ts":"2025-08-04T01:19:33.069-04:00","source":{"id":"0","name":"eventBus"}}
{"__type":"$$EventMessageNode","id":"c91239a5-91ff-4e7d-9147-760254e57fc3","ts":"2025-08-04T01:19:33.071-04:00","eventName":"n8n.node.finished","message":"n8n.node.finished","payload":{"workflowId":"Pw18QNhAgksKmbFC","workflowName":"My workflow","executionId":"72","nodeType":"n8n-nodes-base.webhook","nodeName":"Webhook","nodeId":"5ca89ad7-d280-4478-9d5b-7ae3dd531d31"}}
{"__type":"$$EventMessageConfirm","confirm":"c91239a5-91ff-4e7d-9147-760254e57fc3","ts":"2025-08-04T01:19:33.071-04:00","source":{"id":"0","name":"eventBus"}}
{"__type":"$$EventMessageNode","id":"4b02cffc-13bc-4313-bb03-424275a3931f","ts":"2025-08-04T01:19:33.071-04:00","eventName":"n8n.node.started","message":"n8n.node.started","payload":{"workflowId":"Pw18QNhAgksKmbFC","workflowName":"My workflow","executionId":"72","nodeType":"n8n-nodes-base.switch","nodeName":"Switch","nodeId":"f982a080-9c97-42b4-b356-14bc7b4914d6"}}
{"__type":"$$EventMessageConfirm","confirm":"4b02cffc-13bc-4313-bb03-424275a3931f","ts":"2025-08-04T01:19:33.071-04:00","source":{"id":"0","name":"eventBus"}}
{"__type":"$$EventMessageNode","id":"38b21e78-a2ea-499d-84e8-fbce17d5d06b","ts":"2025-08-04T01:19:33.081-04:00","eventName":"n8n.node.finished","message":"n8n.node.finished","payload":{"workflowId":"Pw18QNhAgksKmbFC","workflowName":"My workflow","executionId":"72","nodeType":"n8n-nodes-base.switch","nodeName":"Switch","nodeId":"f982a080-9c97-42b4-b356-14bc7b4914d6"}}
{"__type":"$$EventMessageConfirm","confirm":"38b21e78-a2ea-499d-84e8-fbce17d5d06b","ts":"2025-08-04T01:19:33.081-04:00","source":{"id":"0","name":"eventBus"}}
{"__type":"$$EventMessageNode","id":"9408b865-5fd5-43c1-a443-927ad34902cd","ts":"2025-08-04T01:19:33.081-04:00","eventName":"n8n.node.started","message":"n8n.node.started","payload":{"workflowId":"Pw18QNhAgksKmbFC","workflowName":"My workflow","executionId":"72","nodeType":"n8n-nodes-base.mautic","nodeName":"Get many contacts","nodeId":"19a05cf2-c4b1-4f90-990e-9c7d4541c92b"}}
{"__type":"$$EventMessageConfirm","confirm":"9408b865-5fd5-43c1-a443-927ad34902cd","ts":"2025-08-04T01:19:33.082-04:00","source":{"id":"0","name":"eventBus"}}
{"__type":"$$EventMessageNode","id":"8511dd77-41f2-48fd-bbbe-0cf7f5d30fc0","ts":"2025-08-04T01:19:33.717-04:00","eventName":"n8n.node.finished","message":"n8n.node.finished","payload":{"workflowId":"Pw18QNhAgksKmbFC","workflowName":"My workflow","executionId":"71","nodeType":"n8n-nodes-base.mautic","nodeName":"Get many contacts","nodeId":"19a05cf2-c4b1-4f90-990e-9c7d4541c92b"}}
{"__type":"$$EventMessageConfirm","confirm":"8511dd77-41f2-48fd-bbbe-0cf7f5d30fc0","ts":"2025-08-04T01:19:33.717-04:00","source":{"id":"0","name":"eventBus"}}
{"__type":"$$EventMessageNode","id":"ae0f0601-cb7f-47d9-bd28-8d11c5b5aa93","ts":"2025-08-04T01:19:33.717-04:00","eventName":"n8n.node.started","message":"n8n.node.started","payload":{"workflowId":"Pw18QNhAgksKmbFC","workflowName":"My workflow","executionId":"71","nodeType":"n8n-nodes-base.respondToWebhook","nodeName":"Respond to Webhook","nodeId":"19bae5c4-adc5-407e-bdca-cdaf16a81ecf"}}
{"__type":"$$EventMessageConfirm","confirm":"ae0f0601-cb7f-47d9-bd28-8d11c5b5aa93","ts":"2025-08-04T01:19:33.717-04:00","source":{"id":"0","name":"eventBus"}}
{"__type":"$$EventMessageNode","id":"64801c26-7ac7-4d10-8201-ac4761566239","ts":"2025-08-04T01:19:33.718-04:00","eventName":"n8n.node.finished","message":"n8n.node.finished","payload":{"workflowId":"Pw18QNhAgksKmbFC","workflowName":"My workflow","executionId":"71","nodeType":"n8n-nodes-base.respondToWebhook","nodeName":"Respond to Webhook","nodeId":"19bae5c4-adc5-407e-bdca-cdaf16a81ecf"}}
{"__type":"$$EventMessageConfirm","confirm":"64801c26-7ac7-4d10-8201-ac4761566239","ts":"2025-08-04T01:19:33.718-04:00","source":{"id":"0","name":"eventBus"}}
{"__type":"$$EventMessageWorkflow","id":"aa5371a9-d7bb-4f6e-a6dc-804757b0b9d5","ts":"2025-08-04T01:19:33.719-04:00","eventName":"n8n.workflow.success","message":"n8n.workflow.success","payload":{"executionId":"71","success":true,"isManual":false,"workflowId":"Pw18QNhAgksKmbFC","workflowName":"My workflow"}}
{"__type":"$$EventMessageConfirm","confirm":"aa5371a9-d7bb-4f6e-a6dc-804757b0b9d5","ts":"2025-08-04T01:19:33.719-04:00","source":{"id":"0","name":"eventBus"}}
{"__type":"$$EventMessageNode","id":"61dba1a3-87e8-4ec8-894c-85465f88c90c","ts":"2025-08-04T01:19:33.724-04:00","eventName":"n8n.node.finished","message":"n8n.node.finished","payload":{"workflowId":"Pw18QNhAgksKmbFC","workflowName":"My workflow","executionId":"72","nodeType":"n8n-nodes-base.mautic","nodeName":"Get many contacts","nodeId":"19a05cf2-c4b1-4f90-990e-9c7d4541c92b"}}
{"__type":"$$EventMessageConfirm","confirm":"61dba1a3-87e8-4ec8-894c-85465f88c90c","ts":"2025-08-04T01:19:33.724-04:00","source":{"id":"0","name":"eventBus"}}
{"__type":"$$EventMessageNode","id":"5eb52a21-b64c-4ef7-a25a-bdad96fa805a","ts":"2025-08-04T01:19:33.725-04:00","eventName":"n8n.node.started","message":"n8n.node.started","payload":{"workflowId":"Pw18QNhAgksKmbFC","workflowName":"My workflow","executionId":"72","nodeType":"n8n-nodes-base.respondToWebhook","nodeName":"Respond to Webhook","nodeId":"19bae5c4-adc5-407e-bdca-cdaf16a81ecf"}}
{"__type":"$$EventMessageConfirm","confirm":"5eb52a21-b64c-4ef7-a25a-bdad96fa805a","ts":"2025-08-04T01:19:33.725-04:00","source":{"id":"0","name":"eventBus"}}
{"__type":"$$EventMessageNode","id":"76c20e5e-c066-4048-936f-9df1ce57e82c","ts":"2025-08-04T01:19:33.725-04:00","eventName":"n8n.node.finished","message":"n8n.node.finished","payload":{"workflowId":"Pw18QNhAgksKmbFC","workflowName":"My workflow","executionId":"72","nodeType":"n8n-nodes-base.respondToWebhook","nodeName":"Respond to Webhook","nodeId":"19bae5c4-adc5-407e-bdca-cdaf16a81ecf"}}
{"__type":"$$EventMessageConfirm","confirm":"76c20e5e-c066-4048-936f-9df1ce57e82c","ts":"2025-08-04T01:19:33.725-04:00","source":{"id":"0","name":"eventBus"}}
{"__type":"$$EventMessageWorkflow","id":"cf57e7e5-e340-4df9-b318-dd9f3efea1fd","ts":"2025-08-04T01:19:33.726-04:00","eventName":"n8n.workflow.success","message":"n8n.workflow.success","payload":{"executionId":"72","success":true,"isManual":false,"workflowId":"Pw18QNhAgksKmbFC","workflowName":"My workflow"}}
{"__type":"$$EventMessageConfirm","confirm":"cf57e7e5-e340-4df9-b318-dd9f3efea1fd","ts":"2025-08-04T01:19:33.726-04:00","source":{"id":"0","name":"eventBus"}}
{"__type":"$$EventMessageWorkflow","id":"4a948fd9-d1ab-44bc-ac4b-41d93f04b321","ts":"2025-08-04T01:26:12.103-04:00","eventName":"n8n.workflow.started","message":"n8n.workflow.started","payload":{"executionId":"73","workflowId":"Pw18QNhAgksKmbFC","isManual":false,"workflowName":"My workflow"}}
{"__type":"$$EventMessageConfirm","confirm":"4a948fd9-d1ab-44bc-ac4b-41d93f04b321","ts":"2025-08-04T01:26:12.103-04:00","source":{"id":"0","name":"eventBus"}}
{"__type":"$$EventMessageNode","id":"f5fcf247-d838-420f-af89-94770205c25a","ts":"2025-08-04T01:26:12.106-04:00","eventName":"n8n.node.started","message":"n8n.node.started","payload":{"workflowId":"Pw18QNhAgksKmbFC","workflowName":"My workflow","executionId":"73","nodeType":"n8n-nodes-base.webhook","nodeName":"Webhook","nodeId":"5ca89ad7-d280-4478-9d5b-7ae3dd531d31"}}
{"__type":"$$EventMessageConfirm","confirm":"f5fcf247-d838-420f-af89-94770205c25a","ts":"2025-08-04T01:26:12.106-04:00","source":{"id":"0","name":"eventBus"}}
{"__type":"$$EventMessageNode","id":"912d9bec-01ae-4d56-b5d4-0ac0410174fc","ts":"2025-08-04T01:26:12.107-04:00","eventName":"n8n.node.finished","message":"n8n.node.finished","payload":{"workflowId":"Pw18QNhAgksKmbFC","workflowName":"My workflow","executionId":"73","nodeType":"n8n-nodes-base.webhook","nodeName":"Webhook","nodeId":"5ca89ad7-d280-4478-9d5b-7ae3dd531d31"}}
{"__type":"$$EventMessageConfirm","confirm":"912d9bec-01ae-4d56-b5d4-0ac0410174fc","ts":"2025-08-04T01:26:12.108-04:00","source":{"id":"0","name":"eventBus"}}
{"__type":"$$EventMessageNode","id":"388db5f1-7019-47f2-858c-3ac88bdd191e","ts":"2025-08-04T01:26:12.108-04:00","eventName":"n8n.node.started","message":"n8n.node.started","payload":{"workflowId":"Pw18QNhAgksKmbFC","workflowName":"My workflow","executionId":"73","nodeType":"n8n-nodes-base.switch","nodeName":"Switch","nodeId":"f982a080-9c97-42b4-b356-14bc7b4914d6"}}
{"__type":"$$EventMessageConfirm","confirm":"388db5f1-7019-47f2-858c-3ac88bdd191e","ts":"2025-08-04T01:26:12.108-04:00","source":{"id":"0","name":"eventBus"}}
{"__type":"$$EventMessageNode","id":"c52d3513-428c-4e61-b332-bc9cc8d7f060","ts":"2025-08-04T01:26:12.116-04:00","eventName":"n8n.node.finished","message":"n8n.node.finished","payload":{"workflowId":"Pw18QNhAgksKmbFC","workflowName":"My workflow","executionId":"73","nodeType":"n8n-nodes-base.switch","nodeName":"Switch","nodeId":"f982a080-9c97-42b4-b356-14bc7b4914d6"}}
{"__type":"$$EventMessageConfirm","confirm":"c52d3513-428c-4e61-b332-bc9cc8d7f060","ts":"2025-08-04T01:26:12.116-04:00","source":{"id":"0","name":"eventBus"}}
{"__type":"$$EventMessageWorkflow","id":"573d5d72-4ee6-4843-acb6-e934e7782b8c","ts":"2025-08-04T01:26:12.127-04:00","eventName":"n8n.workflow.success","message":"n8n.workflow.success","payload":{"executionId":"73","success":true,"isManual":true,"workflowId":"Pw18QNhAgksKmbFC","workflowName":"My workflow"}}
{"__type":"$$EventMessageConfirm","confirm":"573d5d72-4ee6-4843-acb6-e934e7782b8c","ts":"2025-08-04T01:26:12.127-04:00","source":{"id":"0","name":"eventBus"}}
{"__type":"$$EventMessageAudit","id":"a76b9560-958b-497b-b831-17f7da4a04e3","ts":"2025-08-04T01:26:56.369-04:00","eventName":"n8n.audit.workflow.updated","message":"n8n.audit.workflow.updated","payload":{"userId":"83844983-56af-4dc3-80ae-6e2a59baf9e6","_email":"admin@example.com","_firstName":"admin","_lastName":"ad","globalRole":"global:owner","workflowId":"Pw18QNhAgksKmbFC","workflowName":"My workflow"}}
{"__type":"$$EventMessageConfirm","confirm":"a76b9560-958b-497b-b831-17f7da4a04e3","ts":"2025-08-04T01:26:56.370-04:00","source":{"id":"0","name":"eventBus"}}
{"__type":"$$EventMessageWorkflow","id":"5eb8a5dd-283e-4680-a4f1-893ed457164d","ts":"2025-08-04T01:27:54.139-04:00","eventName":"n8n.workflow.started","message":"n8n.workflow.started","payload":{"executionId":"74","workflowId":"Pw18QNhAgksKmbFC","isManual":false,"workflowName":"My workflow"}}
{"__type":"$$EventMessageConfirm","confirm":"5eb8a5dd-283e-4680-a4f1-893ed457164d","ts":"2025-08-04T01:27:54.139-04:00","source":{"id":"0","name":"eventBus"}}
{"__type":"$$EventMessageNode","id":"79436c3e-83ac-45d5-ab01-e97da9d3611d","ts":"2025-08-04T01:27:54.140-04:00","eventName":"n8n.node.started","message":"n8n.node.started","payload":{"workflowId":"Pw18QNhAgksKmbFC","workflowName":"My workflow","executionId":"74","nodeType":"n8n-nodes-base.webhook","nodeName":"Webhook","nodeId":"5ca89ad7-d280-4478-9d5b-7ae3dd531d31"}}
{"__type":"$$EventMessageConfirm","confirm":"79436c3e-83ac-45d5-ab01-e97da9d3611d","ts":"2025-08-04T01:27:54.140-04:00","source":{"id":"0","name":"eventBus"}}
{"__type":"$$EventMessageNode","id":"ba917cc2-1ab3-40fb-b48e-4ce39e816fba","ts":"2025-08-04T01:27:54.141-04:00","eventName":"n8n.node.finished","message":"n8n.node.finished","payload":{"workflowId":"Pw18QNhAgksKmbFC","workflowName":"My workflow","executionId":"74","nodeType":"n8n-nodes-base.webhook","nodeName":"Webhook","nodeId":"5ca89ad7-d280-4478-9d5b-7ae3dd531d31"}}
{"__type":"$$EventMessageConfirm","confirm":"ba917cc2-1ab3-40fb-b48e-4ce39e816fba","ts":"2025-08-04T01:27:54.141-04:00","source":{"id":"0","name":"eventBus"}}
{"__type":"$$EventMessageNode","id":"33e53ea9-bb78-4df1-9251-b595f377530b","ts":"2025-08-04T01:27:54.141-04:00","eventName":"n8n.node.started","message":"n8n.node.started","payload":{"workflowId":"Pw18QNhAgksKmbFC","workflowName":"My workflow","executionId":"74","nodeType":"n8n-nodes-base.switch","nodeName":"Switch","nodeId":"f982a080-9c97-42b4-b356-14bc7b4914d6"}}
{"__type":"$$EventMessageConfirm","confirm":"33e53ea9-bb78-4df1-9251-b595f377530b","ts":"2025-08-04T01:27:54.141-04:00","source":{"id":"0","name":"eventBus"}}
{"__type":"$$EventMessageNode","id":"c323f560-26fc-41f9-9787-18989c8089f8","ts":"2025-08-04T01:27:54.145-04:00","eventName":"n8n.node.finished","message":"n8n.node.finished","payload":{"workflowId":"Pw18QNhAgksKmbFC","workflowName":"My workflow","executionId":"74","nodeType":"n8n-nodes-base.switch","nodeName":"Switch","nodeId":"f982a080-9c97-42b4-b356-14bc7b4914d6"}}
{"__type":"$$EventMessageConfirm","confirm":"c323f560-26fc-41f9-9787-18989c8089f8","ts":"2025-08-04T01:27:54.145-04:00","source":{"id":"0","name":"eventBus"}}
{"__type":"$$EventMessageWorkflow","id":"27be3a31-a634-401a-b12a-722d0ac5c6a2","ts":"2025-08-04T01:27:54.148-04:00","eventName":"n8n.workflow.success","message":"n8n.workflow.success","payload":{"executionId":"74","success":true,"isManual":true,"workflowId":"Pw18QNhAgksKmbFC","workflowName":"My workflow"}}
{"__type":"$$EventMessageConfirm","confirm":"27be3a31-a634-401a-b12a-722d0ac5c6a2","ts":"2025-08-04T01:27:54.148-04:00","source":{"id":"0","name":"eventBus"}}
{"__type":"$$EventMessageWorkflow","id":"0c141243-b1e1-4b64-96e0-a9a2c1621423","ts":"2025-08-04T01:32:26.881-04:00","eventName":"n8n.workflow.started","message":"n8n.workflow.started","payload":{"executionId":"75","workflowId":"Pw18QNhAgksKmbFC","isManual":false,"workflowName":"My workflow"}}
{"__type":"$$EventMessageConfirm","confirm":"0c141243-b1e1-4b64-96e0-a9a2c1621423","ts":"2025-08-04T01:32:26.881-04:00","source":{"id":"0","name":"eventBus"}}
{"__type":"$$EventMessageNode","id":"9240c6af-caf7-4df6-a7d6-ad8eea8fb9f7","ts":"2025-08-04T01:32:26.883-04:00","eventName":"n8n.node.started","message":"n8n.node.started","payload":{"workflowId":"Pw18QNhAgksKmbFC","workflowName":"My workflow","executionId":"75","nodeType":"n8n-nodes-base.webhook","nodeName":"Webhook","nodeId":"5ca89ad7-d280-4478-9d5b-7ae3dd531d31"}}
{"__type":"$$EventMessageConfirm","confirm":"9240c6af-caf7-4df6-a7d6-ad8eea8fb9f7","ts":"2025-08-04T01:32:26.883-04:00","source":{"id":"0","name":"eventBus"}}
{"__type":"$$EventMessageNode","id":"a709d1ba-ba2d-4375-90db-a1b27c181841","ts":"2025-08-04T01:32:26.883-04:00","eventName":"n8n.node.finished","message":"n8n.node.finished","payload":{"workflowId":"Pw18QNhAgksKmbFC","workflowName":"My workflow","executionId":"75","nodeType":"n8n-nodes-base.webhook","nodeName":"Webhook","nodeId":"5ca89ad7-d280-4478-9d5b-7ae3dd531d31"}}
{"__type":"$$EventMessageConfirm","confirm":"a709d1ba-ba2d-4375-90db-a1b27c181841","ts":"2025-08-04T01:32:26.884-04:00","source":{"id":"0","name":"eventBus"}}
{"__type":"$$EventMessageNode","id":"3387f00c-0105-46e4-b17a-4994236a213c","ts":"2025-08-04T01:32:26.884-04:00","eventName":"n8n.node.started","message":"n8n.node.started","payload":{"workflowId":"Pw18QNhAgksKmbFC","workflowName":"My workflow","executionId":"75","nodeType":"n8n-nodes-base.switch","nodeName":"Switch","nodeId":"f982a080-9c97-42b4-b356-14bc7b4914d6"}}
{"__type":"$$EventMessageConfirm","confirm":"3387f00c-0105-46e4-b17a-4994236a213c","ts":"2025-08-04T01:32:26.884-04:00","source":{"id":"0","name":"eventBus"}}
{"__type":"$$EventMessageNode","id":"bd6d6bb2-4ee8-438b-bf00-b8ff63c6068a","ts":"2025-08-04T01:32:26.889-04:00","eventName":"n8n.node.finished","message":"n8n.node.finished","payload":{"workflowId":"Pw18QNhAgksKmbFC","workflowName":"My workflow","executionId":"75","nodeType":"n8n-nodes-base.switch","nodeName":"Switch","nodeId":"f982a080-9c97-42b4-b356-14bc7b4914d6"}}
{"__type":"$$EventMessageConfirm","confirm":"bd6d6bb2-4ee8-438b-bf00-b8ff63c6068a","ts":"2025-08-04T01:32:26.889-04:00","source":{"id":"0","name":"eventBus"}}
{"__type":"$$EventMessageWorkflow","id":"2074e5c1-9bda-4f0e-8694-94c4ddc84621","ts":"2025-08-04T01:32:26.896-04:00","eventName":"n8n.workflow.success","message":"n8n.workflow.success","payload":{"executionId":"75","success":true,"isManual":true,"workflowId":"Pw18QNhAgksKmbFC","workflowName":"My workflow"}}
{"__type":"$$EventMessageConfirm","confirm":"2074e5c1-9bda-4f0e-8694-94c4ddc84621","ts":"2025-08-04T01:32:26.896-04:00","source":{"id":"0","name":"eventBus"}}
{"__type":"$$EventMessageWorkflow","id":"55eb9e2d-79cb-4889-9701-c26da2877d9e","ts":"2025-08-04T01:47:58.444-04:00","eventName":"n8n.workflow.started","message":"n8n.workflow.started","payload":{"executionId":"76","workflowId":"Pw18QNhAgksKmbFC","isManual":false,"workflowName":"My workflow"}}
{"__type":"$$EventMessageConfirm","confirm":"55eb9e2d-79cb-4889-9701-c26da2877d9e","ts":"2025-08-04T01:47:58.444-04:00","source":{"id":"0","name":"eventBus"}}
{"__type":"$$EventMessageWorkflow","id":"cd6d0d95-3580-4d5b-b90b-21ce25d29ffa","ts":"2025-08-04T01:47:58.451-04:00","eventName":"n8n.workflow.success","message":"n8n.workflow.success","payload":{"userId":"83844983-56af-4dc3-80ae-6e2a59baf9e6","executionId":"76","success":true,"isManual":true,"workflowId":"Pw18QNhAgksKmbFC","workflowName":"My workflow"}}
{"__type":"$$EventMessageConfirm","confirm":"cd6d0d95-3580-4d5b-b90b-21ce25d29ffa","ts":"2025-08-04T01:47:58.452-04:00","source":{"id":"0","name":"eventBus"}}
{"__type":"$$EventMessageWorkflow","id":"a122b054-70ae-4824-bc20-ce91ccaa3645","ts":"2025-08-04T01:49:29.572-04:00","eventName":"n8n.workflow.started","message":"n8n.workflow.started","payload":{"executionId":"77","workflowId":"Pw18QNhAgksKmbFC","isManual":false,"workflowName":"My workflow"}}
{"__type":"$$EventMessageConfirm","confirm":"a122b054-70ae-4824-bc20-ce91ccaa3645","ts":"2025-08-04T01:49:29.572-04:00","source":{"id":"0","name":"eventBus"}}
{"__type":"$$EventMessageWorkflow","id":"6e9bc5a9-501e-4251-8384-c534a377c27f","ts":"2025-08-04T01:49:29.581-04:00","eventName":"n8n.workflow.success","message":"n8n.workflow.success","payload":{"userId":"83844983-56af-4dc3-80ae-6e2a59baf9e6","executionId":"77","success":true,"isManual":true,"workflowId":"Pw18QNhAgksKmbFC","workflowName":"My workflow"}}
{"__type":"$$EventMessageConfirm","confirm":"6e9bc5a9-501e-4251-8384-c534a377c27f","ts":"2025-08-04T01:49:29.581-04:00","source":{"id":"0","name":"eventBus"}}
{"__type":"$$EventMessageWorkflow","id":"7d6223fa-3ed0-4131-84d4-b82656f77cc4","ts":"2025-08-04T01:52:18.105-04:00","eventName":"n8n.workflow.started","message":"n8n.workflow.started","payload":{"executionId":"78","workflowId":"Pw18QNhAgksKmbFC","isManual":false,"workflowName":"My workflow"}}
{"__type":"$$EventMessageConfirm","confirm":"7d6223fa-3ed0-4131-84d4-b82656f77cc4","ts":"2025-08-04T01:52:18.106-04:00","source":{"id":"0","name":"eventBus"}}
{"__type":"$$EventMessageNode","id":"f903d364-e32c-45b0-9724-9698ed1508d9","ts":"2025-08-04T01:52:18.107-04:00","eventName":"n8n.node.started","message":"n8n.node.started","payload":{"workflowId":"Pw18QNhAgksKmbFC","workflowName":"My workflow","executionId":"78","nodeType":"n8n-nodes-base.webhook","nodeName":"Webhook","nodeId":"5ca89ad7-d280-4478-9d5b-7ae3dd531d31"}}
{"__type":"$$EventMessageConfirm","confirm":"f903d364-e32c-45b0-9724-9698ed1508d9","ts":"2025-08-04T01:52:18.107-04:00","source":{"id":"0","name":"eventBus"}}
{"__type":"$$EventMessageNode","id":"18fbe759-f41d-4789-b205-c4a52015030f","ts":"2025-08-04T01:52:18.108-04:00","eventName":"n8n.node.finished","message":"n8n.node.finished","payload":{"workflowId":"Pw18QNhAgksKmbFC","workflowName":"My workflow","executionId":"78","nodeType":"n8n-nodes-base.webhook","nodeName":"Webhook","nodeId":"5ca89ad7-d280-4478-9d5b-7ae3dd531d31"}}
{"__type":"$$EventMessageConfirm","confirm":"18fbe759-f41d-4789-b205-c4a52015030f","ts":"2025-08-04T01:52:18.108-04:00","source":{"id":"0","name":"eventBus"}}
{"__type":"$$EventMessageNode","id":"e142270d-f2cb-48e9-8290-c15b4c5dabce","ts":"2025-08-04T01:52:18.108-04:00","eventName":"n8n.node.started","message":"n8n.node.started","payload":{"workflowId":"Pw18QNhAgksKmbFC","workflowName":"My workflow","executionId":"78","nodeType":"n8n-nodes-base.switch","nodeName":"Switch","nodeId":"f982a080-9c97-42b4-b356-14bc7b4914d6"}}
{"__type":"$$EventMessageConfirm","confirm":"e142270d-f2cb-48e9-8290-c15b4c5dabce","ts":"2025-08-04T01:52:18.108-04:00","source":{"id":"0","name":"eventBus"}}
{"__type":"$$EventMessageNode","id":"7fc83e96-ec46-4af3-b99b-0670edbfe08d","ts":"2025-08-04T01:52:18.117-04:00","eventName":"n8n.node.finished","message":"n8n.node.finished","payload":{"workflowId":"Pw18QNhAgksKmbFC","workflowName":"My workflow","executionId":"78","nodeType":"n8n-nodes-base.switch","nodeName":"Switch","nodeId":"f982a080-9c97-42b4-b356-14bc7b4914d6"}}
{"__type":"$$EventMessageConfirm","confirm":"7fc83e96-ec46-4af3-b99b-0670edbfe08d","ts":"2025-08-04T01:52:18.117-04:00","source":{"id":"0","name":"eventBus"}}
{"__type":"$$EventMessageNode","id":"1cf60573-e0b6-4a54-b5d5-3d86400bda7b","ts":"2025-08-04T01:52:18.118-04:00","eventName":"n8n.node.started","message":"n8n.node.started","payload":{"workflowId":"Pw18QNhAgksKmbFC","workflowName":"My workflow","executionId":"78","nodeType":"n8n-nodes-base.mautic","nodeName":"Get many contacts","nodeId":"19a05cf2-c4b1-4f90-990e-9c7d4541c92b"}}
{"__type":"$$EventMessageConfirm","confirm":"1cf60573-e0b6-4a54-b5d5-3d86400bda7b","ts":"2025-08-04T01:52:18.118-04:00","source":{"id":"0","name":"eventBus"}}
{"__type":"$$EventMessageWorkflow","id":"ed1a4ce9-bbf8-457e-8f03-afb69d011502","ts":"2025-08-04T01:52:18.121-04:00","eventName":"n8n.workflow.started","message":"n8n.workflow.started","payload":{"executionId":"79","workflowId":"Pw18QNhAgksKmbFC","isManual":false,"workflowName":"My workflow"}}
{"__type":"$$EventMessageConfirm","confirm":"ed1a4ce9-bbf8-457e-8f03-afb69d011502","ts":"2025-08-04T01:52:18.122-04:00","source":{"id":"0","name":"eventBus"}}
{"__type":"$$EventMessageNode","id":"91af477d-371d-4ed5-8381-4bb13da90dd3","ts":"2025-08-04T01:52:18.122-04:00","eventName":"n8n.node.started","message":"n8n.node.started","payload":{"workflowId":"Pw18QNhAgksKmbFC","workflowName":"My workflow","executionId":"79","nodeType":"n8n-nodes-base.webhook","nodeName":"Webhook","nodeId":"5ca89ad7-d280-4478-9d5b-7ae3dd531d31"}}
{"__type":"$$EventMessageConfirm","confirm":"91af477d-371d-4ed5-8381-4bb13da90dd3","ts":"2025-08-04T01:52:18.122-04:00","source":{"id":"0","name":"eventBus"}}
{"__type":"$$EventMessageNode","id":"f55969d3-4e10-432b-80de-18b1d233f94f","ts":"2025-08-04T01:52:18.123-04:00","eventName":"n8n.node.finished","message":"n8n.node.finished","payload":{"workflowId":"Pw18QNhAgksKmbFC","workflowName":"My workflow","executionId":"79","nodeType":"n8n-nodes-base.webhook","nodeName":"Webhook","nodeId":"5ca89ad7-d280-4478-9d5b-7ae3dd531d31"}}
{"__type":"$$EventMessageConfirm","confirm":"f55969d3-4e10-432b-80de-18b1d233f94f","ts":"2025-08-04T01:52:18.123-04:00","source":{"id":"0","name":"eventBus"}}
{"__type":"$$EventMessageNode","id":"953f23ff-e365-4b98-85a8-9108e019fe27","ts":"2025-08-04T01:52:18.123-04:00","eventName":"n8n.node.started","message":"n8n.node.started","payload":{"workflowId":"Pw18QNhAgksKmbFC","workflowName":"My workflow","executionId":"79","nodeType":"n8n-nodes-base.switch","nodeName":"Switch","nodeId":"f982a080-9c97-42b4-b356-14bc7b4914d6"}}
{"__type":"$$EventMessageConfirm","confirm":"953f23ff-e365-4b98-85a8-9108e019fe27","ts":"2025-08-04T01:52:18.123-04:00","source":{"id":"0","name":"eventBus"}}
{"__type":"$$EventMessageNode","id":"295175e9-202f-4979-969e-5606f3ecd9a7","ts":"2025-08-04T01:52:18.127-04:00","eventName":"n8n.node.finished","message":"n8n.node.finished","payload":{"workflowId":"Pw18QNhAgksKmbFC","workflowName":"My workflow","executionId":"79","nodeType":"n8n-nodes-base.switch","nodeName":"Switch","nodeId":"f982a080-9c97-42b4-b356-14bc7b4914d6"}}
{"__type":"$$EventMessageConfirm","confirm":"295175e9-202f-4979-969e-5606f3ecd9a7","ts":"2025-08-04T01:52:18.127-04:00","source":{"id":"0","name":"eventBus"}}
{"__type":"$$EventMessageNode","id":"07b1e5a7-31d3-480d-a98f-d230954d706e","ts":"2025-08-04T01:52:18.127-04:00","eventName":"n8n.node.started","message":"n8n.node.started","payload":{"workflowId":"Pw18QNhAgksKmbFC","workflowName":"My workflow","executionId":"79","nodeType":"n8n-nodes-base.mautic","nodeName":"Get many contacts","nodeId":"19a05cf2-c4b1-4f90-990e-9c7d4541c92b"}}
{"__type":"$$EventMessageConfirm","confirm":"07b1e5a7-31d3-480d-a98f-d230954d706e","ts":"2025-08-04T01:52:18.127-04:00","source":{"id":"0","name":"eventBus"}}
{"__type":"$$EventMessageNode","id":"f6532d0b-503f-4d89-9060-0bf7065120eb","ts":"2025-08-04T01:52:18.747-04:00","eventName":"n8n.node.finished","message":"n8n.node.finished","payload":{"workflowId":"Pw18QNhAgksKmbFC","workflowName":"My workflow","executionId":"78","nodeType":"n8n-nodes-base.mautic","nodeName":"Get many contacts","nodeId":"19a05cf2-c4b1-4f90-990e-9c7d4541c92b"}}
{"__type":"$$EventMessageConfirm","confirm":"f6532d0b-503f-4d89-9060-0bf7065120eb","ts":"2025-08-04T01:52:18.747-04:00","source":{"id":"0","name":"eventBus"}}
{"__type":"$$EventMessageNode","id":"00310513-f3ed-42d5-a22e-7459e1416987","ts":"2025-08-04T01:52:18.747-04:00","eventName":"n8n.node.started","message":"n8n.node.started","payload":{"workflowId":"Pw18QNhAgksKmbFC","workflowName":"My workflow","executionId":"78","nodeType":"n8n-nodes-base.respondToWebhook","nodeName":"Respond to Webhook","nodeId":"19bae5c4-adc5-407e-bdca-cdaf16a81ecf"}}
{"__type":"$$EventMessageConfirm","confirm":"00310513-f3ed-42d5-a22e-7459e1416987","ts":"2025-08-04T01:52:18.747-04:00","source":{"id":"0","name":"eventBus"}}
{"__type":"$$EventMessageNode","id":"729ad234-60fb-4d8c-9d29-bbbe4f7b6dde","ts":"2025-08-04T01:52:18.748-04:00","eventName":"n8n.node.finished","message":"n8n.node.finished","payload":{"workflowId":"Pw18QNhAgksKmbFC","workflowName":"My workflow","executionId":"78","nodeType":"n8n-nodes-base.respondToWebhook","nodeName":"Respond to Webhook","nodeId":"19bae5c4-adc5-407e-bdca-cdaf16a81ecf"}}
{"__type":"$$EventMessageConfirm","confirm":"729ad234-60fb-4d8c-9d29-bbbe4f7b6dde","ts":"2025-08-04T01:52:18.748-04:00","source":{"id":"0","name":"eventBus"}}
{"__type":"$$EventMessageWorkflow","id":"592e11b7-38cb-48c6-90a3-638fbf544c29","ts":"2025-08-04T01:52:18.749-04:00","eventName":"n8n.workflow.success","message":"n8n.workflow.success","payload":{"executionId":"78","success":true,"isManual":false,"workflowId":"Pw18QNhAgksKmbFC","workflowName":"My workflow"}}
{"__type":"$$EventMessageConfirm","confirm":"592e11b7-38cb-48c6-90a3-638fbf544c29","ts":"2025-08-04T01:52:18.749-04:00","source":{"id":"0","name":"eventBus"}}
{"__type":"$$EventMessageNode","id":"8c26d178-0b17-4a30-b7ea-6bd0c0d0ac28","ts":"2025-08-04T01:52:18.754-04:00","eventName":"n8n.node.finished","message":"n8n.node.finished","payload":{"workflowId":"Pw18QNhAgksKmbFC","workflowName":"My workflow","executionId":"79","nodeType":"n8n-nodes-base.mautic","nodeName":"Get many contacts","nodeId":"19a05cf2-c4b1-4f90-990e-9c7d4541c92b"}}
{"__type":"$$EventMessageConfirm","confirm":"8c26d178-0b17-4a30-b7ea-6bd0c0d0ac28","ts":"2025-08-04T01:52:18.754-04:00","source":{"id":"0","name":"eventBus"}}
{"__type":"$$EventMessageNode","id":"278bded4-505a-4294-9261-818128a421dc","ts":"2025-08-04T01:52:18.754-04:00","eventName":"n8n.node.started","message":"n8n.node.started","payload":{"workflowId":"Pw18QNhAgksKmbFC","workflowName":"My workflow","executionId":"79","nodeType":"n8n-nodes-base.respondToWebhook","nodeName":"Respond to Webhook","nodeId":"19bae5c4-adc5-407e-bdca-cdaf16a81ecf"}}
{"__type":"$$EventMessageConfirm","confirm":"278bded4-505a-4294-9261-818128a421dc","ts":"2025-08-04T01:52:18.754-04:00","source":{"id":"0","name":"eventBus"}}
{"__type":"$$EventMessageNode","id":"c8cc2702-2071-4d1e-873e-ae6f45626bdb","ts":"2025-08-04T01:52:18.755-04:00","eventName":"n8n.node.finished","message":"n8n.node.finished","payload":{"workflowId":"Pw18QNhAgksKmbFC","workflowName":"My workflow","executionId":"79","nodeType":"n8n-nodes-base.respondToWebhook","nodeName":"Respond to Webhook","nodeId":"19bae5c4-adc5-407e-bdca-cdaf16a81ecf"}}
{"__type":"$$EventMessageConfirm","confirm":"c8cc2702-2071-4d1e-873e-ae6f45626bdb","ts":"2025-08-04T01:52:18.755-04:00","source":{"id":"0","name":"eventBus"}}
{"__type":"$$EventMessageWorkflow","id":"b50638e2-c404-4362-8b01-64fa36d9d014","ts":"2025-08-04T01:52:18.756-04:00","eventName":"n8n.workflow.success","message":"n8n.workflow.success","payload":{"executionId":"79","success":true,"isManual":false,"workflowId":"Pw18QNhAgksKmbFC","workflowName":"My workflow"}}
{"__type":"$$EventMessageConfirm","confirm":"b50638e2-c404-4362-8b01-64fa36d9d014","ts":"2025-08-04T01:52:18.756-04:00","source":{"id":"0","name":"eventBus"}}
{"__type":"$$EventMessageWorkflow","id":"5bdb6f69-8f08-4b8c-9c23-3b645de95e55","ts":"2025-08-04T01:53:59.100-04:00","eventName":"n8n.workflow.started","message":"n8n.workflow.started","payload":{"executionId":"80","workflowId":"Pw18QNhAgksKmbFC","isManual":false,"workflowName":"My workflow"}}
{"__type":"$$EventMessageConfirm","confirm":"5bdb6f69-8f08-4b8c-9c23-3b645de95e55","ts":"2025-08-04T01:53:59.101-04:00","source":{"id":"0","name":"eventBus"}}
{"__type":"$$EventMessageWorkflow","id":"1b0fcda0-65b0-41c8-851e-844c91d2838c","ts":"2025-08-04T01:53:59.108-04:00","eventName":"n8n.workflow.success","message":"n8n.workflow.success","payload":{"userId":"83844983-56af-4dc3-80ae-6e2a59baf9e6","executionId":"80","success":true,"isManual":true,"workflowId":"Pw18QNhAgksKmbFC","workflowName":"My workflow"}}
{"__type":"$$EventMessageConfirm","confirm":"1b0fcda0-65b0-41c8-851e-844c91d2838c","ts":"2025-08-04T01:53:59.108-04:00","source":{"id":"0","name":"eventBus"}}
{"__type":"$$EventMessageWorkflow","id":"10f693d5-4478-41d1-a199-797f1b709b1e","ts":"2025-08-04T01:54:06.169-04:00","eventName":"n8n.workflow.started","message":"n8n.workflow.started","payload":{"executionId":"81","workflowId":"Pw18QNhAgksKmbFC","isManual":false,"workflowName":"My workflow"}}
{"__type":"$$EventMessageConfirm","confirm":"10f693d5-4478-41d1-a199-797f1b709b1e","ts":"2025-08-04T01:54:06.169-04:00","source":{"id":"0","name":"eventBus"}}
{"__type":"$$EventMessageWorkflow","id":"22d8b8ef-382a-48a5-bcfa-fba413653960","ts":"2025-08-04T01:54:06.175-04:00","eventName":"n8n.workflow.success","message":"n8n.workflow.success","payload":{"userId":"83844983-56af-4dc3-80ae-6e2a59baf9e6","executionId":"81","success":true,"isManual":true,"workflowId":"Pw18QNhAgksKmbFC","workflowName":"My workflow"}}
{"__type":"$$EventMessageConfirm","confirm":"22d8b8ef-382a-48a5-bcfa-fba413653960","ts":"2025-08-04T01:54:06.175-04:00","source":{"id":"0","name":"eventBus"}}
{"__type":"$$EventMessageWorkflow","id":"799abbf9-5e65-4d63-af0e-99669abfb0da","ts":"2025-08-04T01:56:25.832-04:00","eventName":"n8n.workflow.started","message":"n8n.workflow.started","payload":{"executionId":"82","workflowId":"Pw18QNhAgksKmbFC","isManual":false,"workflowName":"My workflow"}}
{"__type":"$$EventMessageConfirm","confirm":"799abbf9-5e65-4d63-af0e-99669abfb0da","ts":"2025-08-04T01:56:25.832-04:00","source":{"id":"0","name":"eventBus"}}
{"__type":"$$EventMessageNode","id":"368580ef-5467-4b93-b07a-b4a59481c1da","ts":"2025-08-04T01:56:25.833-04:00","eventName":"n8n.node.started","message":"n8n.node.started","payload":{"workflowId":"Pw18QNhAgksKmbFC","workflowName":"My workflow","executionId":"82","nodeType":"n8n-nodes-base.switch","nodeName":"Switch","nodeId":"f982a080-9c97-42b4-b356-14bc7b4914d6"}}
{"__type":"$$EventMessageConfirm","confirm":"368580ef-5467-4b93-b07a-b4a59481c1da","ts":"2025-08-04T01:56:25.833-04:00","source":{"id":"0","name":"eventBus"}}
{"__type":"$$EventMessageNode","id":"cdf2e36a-6bef-4eb1-b9f4-47c7d6ff56ed","ts":"2025-08-04T01:56:25.842-04:00","eventName":"n8n.node.finished","message":"n8n.node.finished","payload":{"workflowId":"Pw18QNhAgksKmbFC","workflowName":"My workflow","executionId":"82","nodeType":"n8n-nodes-base.switch","nodeName":"Switch","nodeId":"f982a080-9c97-42b4-b356-14bc7b4914d6"}}
{"__type":"$$EventMessageConfirm","confirm":"cdf2e36a-6bef-4eb1-b9f4-47c7d6ff56ed","ts":"2025-08-04T01:56:25.842-04:00","source":{"id":"0","name":"eventBus"}}
{"__type":"$$EventMessageWorkflow","id":"55f7ac20-a8b9-494b-ba54-20ddcd2f9b92","ts":"2025-08-04T01:56:25.845-04:00","eventName":"n8n.workflow.success","message":"n8n.workflow.success","payload":{"userId":"83844983-56af-4dc3-80ae-6e2a59baf9e6","executionId":"82","success":true,"isManual":true,"workflowId":"Pw18QNhAgksKmbFC","workflowName":"My workflow"}}
{"__type":"$$EventMessageConfirm","confirm":"55f7ac20-a8b9-494b-ba54-20ddcd2f9b92","ts":"2025-08-04T01:56:25.845-04:00","source":{"id":"0","name":"eventBus"}}
{"__type":"$$EventMessageWorkflow","id":"3f9879bc-3a79-4ce5-99f8-9a139cf0d755","ts":"2025-08-04T01:57:11.655-04:00","eventName":"n8n.workflow.started","message":"n8n.workflow.started","payload":{"executionId":"83","workflowId":"Pw18QNhAgksKmbFC","isManual":false,"workflowName":"My workflow"}}
{"__type":"$$EventMessageConfirm","confirm":"3f9879bc-3a79-4ce5-99f8-9a139cf0d755","ts":"2025-08-04T01:57:11.655-04:00","source":{"id":"0","name":"eventBus"}}
{"__type":"$$EventMessageNode","id":"7397baaf-4a6e-4e1f-a7e4-9f9e0024f9d8","ts":"2025-08-04T01:57:11.656-04:00","eventName":"n8n.node.started","message":"n8n.node.started","payload":{"workflowId":"Pw18QNhAgksKmbFC","workflowName":"My workflow","executionId":"83","nodeType":"n8n-nodes-base.webhook","nodeName":"Webhook","nodeId":"5ca89ad7-d280-4478-9d5b-7ae3dd531d31"}}
{"__type":"$$EventMessageConfirm","confirm":"7397baaf-4a6e-4e1f-a7e4-9f9e0024f9d8","ts":"2025-08-04T01:57:11.656-04:00","source":{"id":"0","name":"eventBus"}}
{"__type":"$$EventMessageNode","id":"815d279a-e727-42ff-8b4b-b47dd391eed0","ts":"2025-08-04T01:57:11.656-04:00","eventName":"n8n.node.finished","message":"n8n.node.finished","payload":{"workflowId":"Pw18QNhAgksKmbFC","workflowName":"My workflow","executionId":"83","nodeType":"n8n-nodes-base.webhook","nodeName":"Webhook","nodeId":"5ca89ad7-d280-4478-9d5b-7ae3dd531d31"}}
{"__type":"$$EventMessageConfirm","confirm":"815d279a-e727-42ff-8b4b-b47dd391eed0","ts":"2025-08-04T01:57:11.657-04:00","source":{"id":"0","name":"eventBus"}}
{"__type":"$$EventMessageNode","id":"02696634-99b3-4689-b6fd-b46016016e81","ts":"2025-08-04T01:57:11.657-04:00","eventName":"n8n.node.started","message":"n8n.node.started","payload":{"workflowId":"Pw18QNhAgksKmbFC","workflowName":"My workflow","executionId":"83","nodeType":"n8n-nodes-base.switch","nodeName":"Switch","nodeId":"f982a080-9c97-42b4-b356-14bc7b4914d6"}}
{"__type":"$$EventMessageConfirm","confirm":"02696634-99b3-4689-b6fd-b46016016e81","ts":"2025-08-04T01:57:11.657-04:00","source":{"id":"0","name":"eventBus"}}
{"__type":"$$EventMessageNode","id":"51567047-1dbb-4e38-99e2-863aa68f8c6b","ts":"2025-08-04T01:57:11.662-04:00","eventName":"n8n.node.finished","message":"n8n.node.finished","payload":{"workflowId":"Pw18QNhAgksKmbFC","workflowName":"My workflow","executionId":"83","nodeType":"n8n-nodes-base.switch","nodeName":"Switch","nodeId":"f982a080-9c97-42b4-b356-14bc7b4914d6"}}
{"__type":"$$EventMessageConfirm","confirm":"51567047-1dbb-4e38-99e2-863aa68f8c6b","ts":"2025-08-04T01:57:11.662-04:00","source":{"id":"0","name":"eventBus"}}
{"__type":"$$EventMessageNode","id":"9a3a42dc-626e-44f9-bfe0-b6bf7784d043","ts":"2025-08-04T01:57:11.663-04:00","eventName":"n8n.node.started","message":"n8n.node.started","payload":{"workflowId":"Pw18QNhAgksKmbFC","workflowName":"My workflow","executionId":"83","nodeType":"n8n-nodes-base.mautic","nodeName":"Get many contacts","nodeId":"19a05cf2-c4b1-4f90-990e-9c7d4541c92b"}}
{"__type":"$$EventMessageConfirm","confirm":"9a3a42dc-626e-44f9-bfe0-b6bf7784d043","ts":"2025-08-04T01:57:11.663-04:00","source":{"id":"0","name":"eventBus"}}
{"__type":"$$EventMessageNode","id":"e033d6b4-811d-458c-a24d-a3db9e97c40d","ts":"2025-08-04T01:57:12.325-04:00","eventName":"n8n.node.finished","message":"n8n.node.finished","payload":{"workflowId":"Pw18QNhAgksKmbFC","workflowName":"My workflow","executionId":"83","nodeType":"n8n-nodes-base.mautic","nodeName":"Get many contacts","nodeId":"19a05cf2-c4b1-4f90-990e-9c7d4541c92b"}}
{"__type":"$$EventMessageConfirm","confirm":"e033d6b4-811d-458c-a24d-a3db9e97c40d","ts":"2025-08-04T01:57:12.325-04:00","source":{"id":"0","name":"eventBus"}}
{"__type":"$$EventMessageNode","id":"02136146-5565-4581-b3d2-f91ba203d163","ts":"2025-08-04T01:57:12.326-04:00","eventName":"n8n.node.started","message":"n8n.node.started","payload":{"workflowId":"Pw18QNhAgksKmbFC","workflowName":"My workflow","executionId":"83","nodeType":"n8n-nodes-base.respondToWebhook","nodeName":"Respond to Webhook","nodeId":"19bae5c4-adc5-407e-bdca-cdaf16a81ecf"}}
{"__type":"$$EventMessageConfirm","confirm":"02136146-5565-4581-b3d2-f91ba203d163","ts":"2025-08-04T01:57:12.326-04:00","source":{"id":"0","name":"eventBus"}}
{"__type":"$$EventMessageNode","id":"f669f074-a499-41bb-91fb-592c08c45ef5","ts":"2025-08-04T01:57:12.328-04:00","eventName":"n8n.node.finished","message":"n8n.node.finished","payload":{"workflowId":"Pw18QNhAgksKmbFC","workflowName":"My workflow","executionId":"83","nodeType":"n8n-nodes-base.respondToWebhook","nodeName":"Respond to Webhook","nodeId":"19bae5c4-adc5-407e-bdca-cdaf16a81ecf"}}
{"__type":"$$EventMessageConfirm","confirm":"f669f074-a499-41bb-91fb-592c08c45ef5","ts":"2025-08-04T01:57:12.328-04:00","source":{"id":"0","name":"eventBus"}}
{"__type":"$$EventMessageWorkflow","id":"c7ba0be0-6b7c-4576-b724-db1431fd25ed","ts":"2025-08-04T01:57:12.337-04:00","eventName":"n8n.workflow.success","message":"n8n.workflow.success","payload":{"executionId":"83","success":true,"isManual":true,"workflowId":"Pw18QNhAgksKmbFC","workflowName":"My workflow"}}
{"__type":"$$EventMessageConfirm","confirm":"c7ba0be0-6b7c-4576-b724-db1431fd25ed","ts":"2025-08-04T01:57:12.338-04:00","source":{"id":"0","name":"eventBus"}}
{"__type":"$$EventMessageWorkflow","id":"aa59450d-6786-4b7f-95f3-89f92c65ec43","ts":"2025-08-04T02:04:14.441-04:00","eventName":"n8n.workflow.started","message":"n8n.workflow.started","payload":{"executionId":"84","workflowId":"Pw18QNhAgksKmbFC","isManual":false,"workflowName":"My workflow"}}
{"__type":"$$EventMessageConfirm","confirm":"aa59450d-6786-4b7f-95f3-89f92c65ec43","ts":"2025-08-04T02:04:14.441-04:00","source":{"id":"0","name":"eventBus"}}
{"__type":"$$EventMessageWorkflow","id":"04d16f17-49f4-4ca1-9d42-81fc2cc68eaf","ts":"2025-08-04T02:04:14.463-04:00","eventName":"n8n.workflow.success","message":"n8n.workflow.success","payload":{"userId":"83844983-56af-4dc3-80ae-6e2a59baf9e6","executionId":"84","success":true,"isManual":true,"workflowId":"Pw18QNhAgksKmbFC","workflowName":"My workflow"}}
{"__type":"$$EventMessageConfirm","confirm":"04d16f17-49f4-4ca1-9d42-81fc2cc68eaf","ts":"2025-08-04T02:04:14.463-04:00","source":{"id":"0","name":"eventBus"}}
{"__type":"$$EventMessageWorkflow","id":"0e33944e-31d7-4ebd-bc8b-89dae634daae","ts":"2025-08-04T02:06:58.654-04:00","eventName":"n8n.workflow.started","message":"n8n.workflow.started","payload":{"executionId":"85","workflowId":"Pw18QNhAgksKmbFC","isManual":false,"workflowName":"My workflow"}}
{"__type":"$$EventMessageConfirm","confirm":"0e33944e-31d7-4ebd-bc8b-89dae634daae","ts":"2025-08-04T02:06:58.654-04:00","source":{"id":"0","name":"eventBus"}}
{"__type":"$$EventMessageWorkflow","id":"d308e01e-7aa7-4faf-a720-4650d4910b88","ts":"2025-08-04T02:06:58.659-04:00","eventName":"n8n.workflow.success","message":"n8n.workflow.success","payload":{"userId":"83844983-56af-4dc3-80ae-6e2a59baf9e6","executionId":"85","success":true,"isManual":true,"workflowId":"Pw18QNhAgksKmbFC","workflowName":"My workflow"}}
{"__type":"$$EventMessageConfirm","confirm":"d308e01e-7aa7-4faf-a720-4650d4910b88","ts":"2025-08-04T02:06:58.659-04:00","source":{"id":"0","name":"eventBus"}}
