{"__type":"$$EventMessageWorkflow","id":"c4432ede-0475-40ee-ae7e-bbb2a4854004","ts":"2025-08-02T21:57:57.084-04:00","eventName":"n8n.workflow.started","message":"n8n.workflow.started","payload":{"executionId":"57","workflowId":"Pw18QNhAgksKmbFC","isManual":false,"workflowName":"My workflow"}}
{"__type":"$$EventMessageConfirm","confirm":"c4432ede-0475-40ee-ae7e-bbb2a4854004","ts":"2025-08-02T21:57:57.085-04:00","source":{"id":"0","name":"eventBus"}}
{"__type":"$$EventMessageNode","id":"e6771099-2980-4665-aff3-97d4038f25db","ts":"2025-08-02T21:57:57.087-04:00","eventName":"n8n.node.started","message":"n8n.node.started","payload":{"workflowId":"Pw18QNhAgksKmbFC","workflowName":"My workflow","executionId":"57","nodeType":"n8n-nodes-base.webhook","nodeName":"Webhook","nodeId":"5ca89ad7-d280-4478-9d5b-7ae3dd531d31"}}
{"__type":"$$EventMessageConfirm","confirm":"e6771099-2980-4665-aff3-97d4038f25db","ts":"2025-08-02T21:57:57.087-04:00","source":{"id":"0","name":"eventBus"}}
{"__type":"$$EventMessageNode","id":"97ca5639-3560-4ad4-8a7b-ac232d51677c","ts":"2025-08-02T21:57:57.088-04:00","eventName":"n8n.node.finished","message":"n8n.node.finished","payload":{"workflowId":"Pw18QNhAgksKmbFC","workflowName":"My workflow","executionId":"57","nodeType":"n8n-nodes-base.webhook","nodeName":"Webhook","nodeId":"5ca89ad7-d280-4478-9d5b-7ae3dd531d31"}}
{"__type":"$$EventMessageConfirm","confirm":"97ca5639-3560-4ad4-8a7b-ac232d51677c","ts":"2025-08-02T21:57:57.088-04:00","source":{"id":"0","name":"eventBus"}}
{"__type":"$$EventMessageNode","id":"16a0dac2-782c-4335-986b-f35e77dfa4bd","ts":"2025-08-02T21:57:57.089-04:00","eventName":"n8n.node.started","message":"n8n.node.started","payload":{"workflowId":"Pw18QNhAgksKmbFC","workflowName":"My workflow","executionId":"57","nodeType":"n8n-nodes-base.switch","nodeName":"Switch","nodeId":"f982a080-9c97-42b4-b356-14bc7b4914d6"}}
{"__type":"$$EventMessageConfirm","confirm":"16a0dac2-782c-4335-986b-f35e77dfa4bd","ts":"2025-08-02T21:57:57.089-04:00","source":{"id":"0","name":"eventBus"}}
{"__type":"$$EventMessageNode","id":"7bcb9d57-084c-4a73-8e37-e1346e08dc5f","ts":"2025-08-02T21:57:57.139-04:00","eventName":"n8n.node.finished","message":"n8n.node.finished","payload":{"workflowId":"Pw18QNhAgksKmbFC","workflowName":"My workflow","executionId":"57","nodeType":"n8n-nodes-base.switch","nodeName":"Switch","nodeId":"f982a080-9c97-42b4-b356-14bc7b4914d6"}}
{"__type":"$$EventMessageConfirm","confirm":"7bcb9d57-084c-4a73-8e37-e1346e08dc5f","ts":"2025-08-02T21:57:57.140-04:00","source":{"id":"0","name":"eventBus"}}
{"__type":"$$EventMessageNode","id":"99c1ab85-0b96-4e8d-87a9-07289d1443e2","ts":"2025-08-02T21:57:57.140-04:00","eventName":"n8n.node.started","message":"n8n.node.started","payload":{"workflowId":"Pw18QNhAgksKmbFC","workflowName":"My workflow","executionId":"57","nodeType":"n8n-nodes-base.mautic","nodeName":"Get many contacts","nodeId":"19a05cf2-c4b1-4f90-990e-9c7d4541c92b"}}
{"__type":"$$EventMessageConfirm","confirm":"99c1ab85-0b96-4e8d-87a9-07289d1443e2","ts":"2025-08-02T21:57:57.141-04:00","source":{"id":"0","name":"eventBus"}}
{"__type":"$$EventMessageWorkflow","id":"8e1bba97-31e0-4024-a9de-f4d7438b302b","ts":"2025-08-02T21:57:57.194-04:00","eventName":"n8n.workflow.started","message":"n8n.workflow.started","payload":{"executionId":"58","workflowId":"Pw18QNhAgksKmbFC","isManual":false,"workflowName":"My workflow"}}
{"__type":"$$EventMessageConfirm","confirm":"8e1bba97-31e0-4024-a9de-f4d7438b302b","ts":"2025-08-02T21:57:57.195-04:00","source":{"id":"0","name":"eventBus"}}
{"__type":"$$EventMessageNode","id":"6ca4ff79-0f0d-4484-9a1d-c0a6bd052ad0","ts":"2025-08-02T21:57:57.195-04:00","eventName":"n8n.node.started","message":"n8n.node.started","payload":{"workflowId":"Pw18QNhAgksKmbFC","workflowName":"My workflow","executionId":"58","nodeType":"n8n-nodes-base.webhook","nodeName":"Webhook","nodeId":"5ca89ad7-d280-4478-9d5b-7ae3dd531d31"}}
{"__type":"$$EventMessageConfirm","confirm":"6ca4ff79-0f0d-4484-9a1d-c0a6bd052ad0","ts":"2025-08-02T21:57:57.195-04:00","source":{"id":"0","name":"eventBus"}}
{"__type":"$$EventMessageNode","id":"89bfdf3c-0506-4590-a0c3-7a5dbe39f475","ts":"2025-08-02T21:57:57.195-04:00","eventName":"n8n.node.finished","message":"n8n.node.finished","payload":{"workflowId":"Pw18QNhAgksKmbFC","workflowName":"My workflow","executionId":"58","nodeType":"n8n-nodes-base.webhook","nodeName":"Webhook","nodeId":"5ca89ad7-d280-4478-9d5b-7ae3dd531d31"}}
{"__type":"$$EventMessageConfirm","confirm":"89bfdf3c-0506-4590-a0c3-7a5dbe39f475","ts":"2025-08-02T21:57:57.195-04:00","source":{"id":"0","name":"eventBus"}}
{"__type":"$$EventMessageNode","id":"42b24dd9-979f-4b31-adb8-c80a6b9dcdcc","ts":"2025-08-02T21:57:57.195-04:00","eventName":"n8n.node.started","message":"n8n.node.started","payload":{"workflowId":"Pw18QNhAgksKmbFC","workflowName":"My workflow","executionId":"58","nodeType":"n8n-nodes-base.switch","nodeName":"Switch","nodeId":"f982a080-9c97-42b4-b356-14bc7b4914d6"}}
{"__type":"$$EventMessageConfirm","confirm":"42b24dd9-979f-4b31-adb8-c80a6b9dcdcc","ts":"2025-08-02T21:57:57.195-04:00","source":{"id":"0","name":"eventBus"}}
{"__type":"$$EventMessageNode","id":"ec7c3095-7a7d-4ddc-b32d-c75a8afbbe3d","ts":"2025-08-02T21:57:57.200-04:00","eventName":"n8n.node.finished","message":"n8n.node.finished","payload":{"workflowId":"Pw18QNhAgksKmbFC","workflowName":"My workflow","executionId":"58","nodeType":"n8n-nodes-base.switch","nodeName":"Switch","nodeId":"f982a080-9c97-42b4-b356-14bc7b4914d6"}}
{"__type":"$$EventMessageConfirm","confirm":"ec7c3095-7a7d-4ddc-b32d-c75a8afbbe3d","ts":"2025-08-02T21:57:57.200-04:00","source":{"id":"0","name":"eventBus"}}
{"__type":"$$EventMessageNode","id":"5eba7b4e-ac6f-49dd-9313-936f3fec41d0","ts":"2025-08-02T21:57:57.201-04:00","eventName":"n8n.node.started","message":"n8n.node.started","payload":{"workflowId":"Pw18QNhAgksKmbFC","workflowName":"My workflow","executionId":"58","nodeType":"n8n-nodes-base.mautic","nodeName":"Get many contacts","nodeId":"19a05cf2-c4b1-4f90-990e-9c7d4541c92b"}}
{"__type":"$$EventMessageConfirm","confirm":"5eba7b4e-ac6f-49dd-9313-936f3fec41d0","ts":"2025-08-02T21:57:57.201-04:00","source":{"id":"0","name":"eventBus"}}
{"__type":"$$EventMessageNode","id":"b0dc140a-fdef-4560-b424-6d0fb35eabac","ts":"2025-08-02T21:57:58.668-04:00","eventName":"n8n.node.finished","message":"n8n.node.finished","payload":{"workflowId":"Pw18QNhAgksKmbFC","workflowName":"My workflow","executionId":"58","nodeType":"n8n-nodes-base.mautic","nodeName":"Get many contacts","nodeId":"19a05cf2-c4b1-4f90-990e-9c7d4541c92b"}}
{"__type":"$$EventMessageConfirm","confirm":"b0dc140a-fdef-4560-b424-6d0fb35eabac","ts":"2025-08-02T21:57:58.669-04:00","source":{"id":"0","name":"eventBus"}}
{"__type":"$$EventMessageNode","id":"f994e623-ac55-40ca-be50-5cd4539c90a8","ts":"2025-08-02T21:57:58.669-04:00","eventName":"n8n.node.started","message":"n8n.node.started","payload":{"workflowId":"Pw18QNhAgksKmbFC","workflowName":"My workflow","executionId":"58","nodeType":"n8n-nodes-base.respondToWebhook","nodeName":"Respond to Webhook","nodeId":"19bae5c4-adc5-407e-bdca-cdaf16a81ecf"}}
{"__type":"$$EventMessageConfirm","confirm":"f994e623-ac55-40ca-be50-5cd4539c90a8","ts":"2025-08-02T21:57:58.669-04:00","source":{"id":"0","name":"eventBus"}}
{"__type":"$$EventMessageNode","id":"c6e00ceb-cb2e-4280-a505-5c588f1c8095","ts":"2025-08-02T21:57:58.675-04:00","eventName":"n8n.node.finished","message":"n8n.node.finished","payload":{"workflowId":"Pw18QNhAgksKmbFC","workflowName":"My workflow","executionId":"58","nodeType":"n8n-nodes-base.respondToWebhook","nodeName":"Respond to Webhook","nodeId":"19bae5c4-adc5-407e-bdca-cdaf16a81ecf"}}
{"__type":"$$EventMessageConfirm","confirm":"c6e00ceb-cb2e-4280-a505-5c588f1c8095","ts":"2025-08-02T21:57:58.675-04:00","source":{"id":"0","name":"eventBus"}}
{"__type":"$$EventMessageWorkflow","id":"e3ad7b81-53e8-483a-9861-b59d5139487d","ts":"2025-08-02T21:57:58.678-04:00","eventName":"n8n.workflow.success","message":"n8n.workflow.success","payload":{"executionId":"58","success":true,"isManual":false,"workflowId":"Pw18QNhAgksKmbFC","workflowName":"My workflow"}}
{"__type":"$$EventMessageConfirm","confirm":"e3ad7b81-53e8-483a-9861-b59d5139487d","ts":"2025-08-02T21:57:58.679-04:00","source":{"id":"0","name":"eventBus"}}
{"__type":"$$EventMessageNode","id":"bc7387fc-3c3c-456d-a03e-b60c570054d8","ts":"2025-08-02T21:57:58.687-04:00","eventName":"n8n.node.finished","message":"n8n.node.finished","payload":{"workflowId":"Pw18QNhAgksKmbFC","workflowName":"My workflow","executionId":"57","nodeType":"n8n-nodes-base.mautic","nodeName":"Get many contacts","nodeId":"19a05cf2-c4b1-4f90-990e-9c7d4541c92b"}}
{"__type":"$$EventMessageConfirm","confirm":"bc7387fc-3c3c-456d-a03e-b60c570054d8","ts":"2025-08-02T21:57:58.687-04:00","source":{"id":"0","name":"eventBus"}}
{"__type":"$$EventMessageNode","id":"5f585e96-822a-4bac-8073-d6f2e4648ce2","ts":"2025-08-02T21:57:58.688-04:00","eventName":"n8n.node.started","message":"n8n.node.started","payload":{"workflowId":"Pw18QNhAgksKmbFC","workflowName":"My workflow","executionId":"57","nodeType":"n8n-nodes-base.respondToWebhook","nodeName":"Respond to Webhook","nodeId":"19bae5c4-adc5-407e-bdca-cdaf16a81ecf"}}
{"__type":"$$EventMessageConfirm","confirm":"5f585e96-822a-4bac-8073-d6f2e4648ce2","ts":"2025-08-02T21:57:58.688-04:00","source":{"id":"0","name":"eventBus"}}
{"__type":"$$EventMessageNode","id":"63cffde2-4a20-4d20-8b4c-d846290154f0","ts":"2025-08-02T21:57:58.690-04:00","eventName":"n8n.node.finished","message":"n8n.node.finished","payload":{"workflowId":"Pw18QNhAgksKmbFC","workflowName":"My workflow","executionId":"57","nodeType":"n8n-nodes-base.respondToWebhook","nodeName":"Respond to Webhook","nodeId":"19bae5c4-adc5-407e-bdca-cdaf16a81ecf"}}
{"__type":"$$EventMessageConfirm","confirm":"63cffde2-4a20-4d20-8b4c-d846290154f0","ts":"2025-08-02T21:57:58.691-04:00","source":{"id":"0","name":"eventBus"}}
{"__type":"$$EventMessageWorkflow","id":"f271c0b1-115f-4cd5-a22b-b5c6d334edac","ts":"2025-08-02T21:57:58.692-04:00","eventName":"n8n.workflow.success","message":"n8n.workflow.success","payload":{"executionId":"57","success":true,"isManual":false,"workflowId":"Pw18QNhAgksKmbFC","workflowName":"My workflow"}}
{"__type":"$$EventMessageConfirm","confirm":"f271c0b1-115f-4cd5-a22b-b5c6d334edac","ts":"2025-08-02T21:57:58.692-04:00","source":{"id":"0","name":"eventBus"}}
{"__type":"$$EventMessageAudit","id":"f4609805-1683-4cf5-b388-8af7baca0748","ts":"2025-08-02T22:05:10.740-04:00","eventName":"n8n.audit.workflow.updated","message":"n8n.audit.workflow.updated","payload":{"userId":"83844983-56af-4dc3-80ae-6e2a59baf9e6","_email":"admin@example.com","_firstName":"admin","_lastName":"ad","globalRole":"global:owner","workflowId":"Pw18QNhAgksKmbFC","workflowName":"My workflow"}}
{"__type":"$$EventMessageConfirm","confirm":"f4609805-1683-4cf5-b388-8af7baca0748","ts":"2025-08-02T22:05:10.740-04:00","source":{"id":"0","name":"eventBus"}}
{"__type":"$$EventMessageWorkflow","id":"9d04e65b-702a-4076-9652-e535e533a445","ts":"2025-08-02T22:17:01.965-04:00","eventName":"n8n.workflow.failed","message":"n8n.workflow.failed","payload":{"executionId":"59","success":false,"isManual":false,"workflowId":"Pw18QNhAgksKmbFC","workflowName":"My workflow","errorMessage":"The workflow has issues and cannot be executed for that reason. Please fix them first."}}
{"__type":"$$EventMessageConfirm","confirm":"9d04e65b-702a-4076-9652-e535e533a445","ts":"2025-08-02T22:17:01.965-04:00","source":{"id":"0","name":"eventBus"}}
{"__type":"$$EventMessageWorkflow","id":"d0e12111-9200-4f9b-b285-f5aa3352269f","ts":"2025-08-02T22:17:02.021-04:00","eventName":"n8n.workflow.failed","message":"n8n.workflow.failed","payload":{"executionId":"60","success":false,"isManual":false,"workflowId":"Pw18QNhAgksKmbFC","workflowName":"My workflow","errorMessage":"The workflow has issues and cannot be executed for that reason. Please fix them first."}}
{"__type":"$$EventMessageConfirm","confirm":"d0e12111-9200-4f9b-b285-f5aa3352269f","ts":"2025-08-02T22:17:02.022-04:00","source":{"id":"0","name":"eventBus"}}
{"__type":"$$EventMessageWorkflow","id":"bc3d1df5-9de2-4c93-bdc1-de5896e18d62","ts":"2025-08-02T22:17:14.608-04:00","eventName":"n8n.workflow.failed","message":"n8n.workflow.failed","payload":{"executionId":"61","success":false,"isManual":false,"workflowId":"Pw18QNhAgksKmbFC","workflowName":"My workflow","errorMessage":"The workflow has issues and cannot be executed for that reason. Please fix them first."}}
{"__type":"$$EventMessageConfirm","confirm":"bc3d1df5-9de2-4c93-bdc1-de5896e18d62","ts":"2025-08-02T22:17:14.608-04:00","source":{"id":"0","name":"eventBus"}}
{"__type":"$$EventMessageWorkflow","id":"8f998555-6b43-4320-a758-4cbd5b052f6a","ts":"2025-08-02T22:17:14.695-04:00","eventName":"n8n.workflow.failed","message":"n8n.workflow.failed","payload":{"executionId":"62","success":false,"isManual":false,"workflowId":"Pw18QNhAgksKmbFC","workflowName":"My workflow","errorMessage":"The workflow has issues and cannot be executed for that reason. Please fix them first."}}
{"__type":"$$EventMessageConfirm","confirm":"8f998555-6b43-4320-a758-4cbd5b052f6a","ts":"2025-08-02T22:17:14.696-04:00","source":{"id":"0","name":"eventBus"}}
{"__type":"$$EventMessageWorkflow","id":"4463a625-a1f5-419b-8b5c-f125d7418057","ts":"2025-08-02T22:17:51.684-04:00","eventName":"n8n.workflow.failed","message":"n8n.workflow.failed","payload":{"executionId":"63","success":false,"isManual":false,"workflowId":"Pw18QNhAgksKmbFC","workflowName":"My workflow","errorMessage":"The workflow has issues and cannot be executed for that reason. Please fix them first."}}
{"__type":"$$EventMessageConfirm","confirm":"4463a625-a1f5-419b-8b5c-f125d7418057","ts":"2025-08-02T22:17:51.684-04:00","source":{"id":"0","name":"eventBus"}}
{"__type":"$$EventMessageWorkflow","id":"79d24ee6-3399-4664-b305-25efd8fb48af","ts":"2025-08-02T22:17:51.811-04:00","eventName":"n8n.workflow.failed","message":"n8n.workflow.failed","payload":{"executionId":"64","success":false,"isManual":false,"workflowId":"Pw18QNhAgksKmbFC","workflowName":"My workflow","errorMessage":"The workflow has issues and cannot be executed for that reason. Please fix them first."}}
{"__type":"$$EventMessageConfirm","confirm":"79d24ee6-3399-4664-b305-25efd8fb48af","ts":"2025-08-02T22:17:51.811-04:00","source":{"id":"0","name":"eventBus"}}
{"__type":"$$EventMessageWorkflow","id":"ddda0ecc-9ece-4b50-a609-23260b73b463","ts":"2025-08-02T22:18:12.151-04:00","eventName":"n8n.workflow.failed","message":"n8n.workflow.failed","payload":{"executionId":"65","success":false,"isManual":false,"workflowId":"Pw18QNhAgksKmbFC","workflowName":"My workflow","errorMessage":"The workflow has issues and cannot be executed for that reason. Please fix them first."}}
{"__type":"$$EventMessageConfirm","confirm":"ddda0ecc-9ece-4b50-a609-23260b73b463","ts":"2025-08-02T22:18:12.151-04:00","source":{"id":"0","name":"eventBus"}}
{"__type":"$$EventMessageWorkflow","id":"cf62186b-d485-4519-9bc9-15b2e9a9e27d","ts":"2025-08-02T22:18:12.251-04:00","eventName":"n8n.workflow.failed","message":"n8n.workflow.failed","payload":{"executionId":"66","success":false,"isManual":false,"workflowId":"Pw18QNhAgksKmbFC","workflowName":"My workflow","errorMessage":"The workflow has issues and cannot be executed for that reason. Please fix them first."}}
{"__type":"$$EventMessageConfirm","confirm":"cf62186b-d485-4519-9bc9-15b2e9a9e27d","ts":"2025-08-02T22:18:12.252-04:00","source":{"id":"0","name":"eventBus"}}
